<?xml version="1.0" encoding="UTF-8"?>
<testsuite xmlns:xsi="http://www.w3.org/2001/XMLSchema-instance" xsi:noNamespaceSchemaLocation="https://maven.apache.org/surefire/maven-surefire-plugin/xsd/surefire-test-report.xsd" name="TestSuite" time="105.34" tests="255" errors="0" skipped="248" failures="5">
  <properties>
    <property name="sun.desktop" value="windows"/>
    <property name="awt.toolkit" value="sun.awt.windows.WToolkit"/>
    <property name="file.encoding.pkg" value="sun.io"/>
    <property name="java.specification.version" value="1.8"/>
    <property name="sun.cpu.isalist" value="amd64"/>
    <property name="sun.jnu.encoding" value="Cp1252"/>
    <property name="java.class.path" value="C:\workspaceForProject1\ShopCartProject2\target\test-classes;C:\workspaceForProject1\ShopCartProject2\target\classes;C:\Users\Priyanka\.m2\repository\org\seleniumhq\selenium\selenium-java\2.45.0\selenium-java-2.45.0.jar;C:\Users\Priyanka\.m2\repository\org\seleniumhq\selenium\selenium-chrome-driver\2.45.0\selenium-chrome-driver-2.45.0.jar;C:\Users\Priyanka\.m2\repository\org\seleniumhq\selenium\selenium-remote-driver\2.45.0\selenium-remote-driver-2.45.0.jar;C:\Users\Priyanka\.m2\repository\cglib\cglib-nodep\2.1_3\cglib-nodep-2.1_3.jar;C:\Users\Priyanka\.m2\repository\com\google\code\gson\gson\2.3.1\gson-2.3.1.jar;C:\Users\Priyanka\.m2\repository\org\seleniumhq\selenium\selenium-api\2.45.0\selenium-api-2.45.0.jar;C:\Users\Priyanka\.m2\repository\com\google\guava\guava\18.0\guava-18.0.jar;C:\Users\Priyanka\.m2\repository\org\seleniumhq\selenium\selenium-htmlunit-driver\2.45.0\selenium-htmlunit-driver-2.45.0.jar;C:\Users\Priyanka\.m2\repository\net\sourceforge\htmlunit\htmlunit\2.15\htmlunit-2.15.jar;C:\Users\Priyanka\.m2\repository\xalan\xalan\2.7.1\xalan-2.7.1.jar;C:\Users\Priyanka\.m2\repository\xalan\serializer\2.7.1\serializer-2.7.1.jar;C:\Users\Priyanka\.m2\repository\commons-collections\commons-collections\3.2.1\commons-collections-3.2.1.jar;C:\Users\Priyanka\.m2\repository\org\apache\commons\commons-lang3\3.3.2\commons-lang3-3.3.2.jar;C:\Users\Priyanka\.m2\repository\org\apache\httpcomponents\httpmime\4.3.3\httpmime-4.3.3.jar;C:\Users\Priyanka\.m2\repository\net\sourceforge\htmlunit\htmlunit-core-js\2.15\htmlunit-core-js-2.15.jar;C:\Users\Priyanka\.m2\repository\xerces\xercesImpl\2.11.0\xercesImpl-2.11.0.jar;C:\Users\Priyanka\.m2\repository\net\sourceforge\nekohtml\nekohtml\1.9.21\nekohtml-1.9.21.jar;C:\Users\Priyanka\.m2\repository\net\sourceforge\cssparser\cssparser\0.9.14\cssparser-0.9.14.jar;C:\Users\Priyanka\.m2\repository\org\w3c\css\sac\1.3\sac-1.3.jar;C:\Users\Priyanka\.m2\repository\commons-logging\commons-logging\1.1.3\commons-logging-1.1.3.jar;C:\Users\Priyanka\.m2\repository\org\eclipse\jetty\jetty-websocket\8.1.15.v20140411\jetty-websocket-8.1.15.v20140411.jar;C:\Users\Priyanka\.m2\repository\org\eclipse\jetty\jetty-util\8.1.15.v20140411\jetty-util-8.1.15.v20140411.jar;C:\Users\Priyanka\.m2\repository\org\eclipse\jetty\jetty-io\8.1.15.v20140411\jetty-io-8.1.15.v20140411.jar;C:\Users\Priyanka\.m2\repository\org\eclipse\jetty\jetty-http\8.1.15.v20140411\jetty-http-8.1.15.v20140411.jar;C:\Users\Priyanka\.m2\repository\org\apache\httpcomponents\httpclient\4.3.6\httpclient-4.3.6.jar;C:\Users\Priyanka\.m2\repository\org\apache\httpcomponents\httpcore\4.3.3\httpcore-4.3.3.jar;C:\Users\Priyanka\.m2\repository\org\seleniumhq\selenium\selenium-firefox-driver\2.45.0\selenium-firefox-driver-2.45.0.jar;C:\Users\Priyanka\.m2\repository\commons-io\commons-io\2.4\commons-io-2.4.jar;C:\Users\Priyanka\.m2\repository\org\apache\commons\commons-exec\1.1\commons-exec-1.1.jar;C:\Users\Priyanka\.m2\repository\org\seleniumhq\selenium\selenium-ie-driver\2.45.0\selenium-ie-driver-2.45.0.jar;C:\Users\Priyanka\.m2\repository\net\java\dev\jna\jna\3.4.0\jna-3.4.0.jar;C:\Users\Priyanka\.m2\repository\net\java\dev\jna\platform\3.4.0\platform-3.4.0.jar;C:\Users\Priyanka\.m2\repository\org\seleniumhq\selenium\selenium-safari-driver\2.45.0\selenium-safari-driver-2.45.0.jar;C:\Users\Priyanka\.m2\repository\org\seleniumhq\selenium\selenium-support\2.45.0\selenium-support-2.45.0.jar;C:\Users\Priyanka\.m2\repository\org\webbitserver\webbit\0.4.14\webbit-0.4.14.jar;C:\Users\Priyanka\.m2\repository\io\netty\netty\3.5.2.Final\netty-3.5.2.Final.jar;C:\Users\Priyanka\.m2\repository\org\seleniumhq\selenium\selenium-leg-rc\2.45.0\selenium-leg-rc-2.45.0.jar;C:\Users\Priyanka\.m2\repository\org\testng\testng\6.8\testng-6.8.jar;C:\Users\Priyanka\.m2\repository\junit\junit\4.10\junit-4.10.jar;C:\Users\Priyanka\.m2\repository\org\hamcrest\hamcrest-core\1.1\hamcrest-core-1.1.jar;C:\Users\Priyanka\.m2\repository\org\beanshell\bsh\2.0b4\bsh-2.0b4.jar;C:\Users\Priyanka\.m2\repository\com\beust\jcommander\1.27\jcommander-1.27.jar;C:\Users\Priyanka\.m2\repository\org\yaml\snakeyaml\1.6\snakeyaml-1.6.jar;C:\Users\Priyanka\.m2\repository\org\apache\poi\poi\3.9\poi-3.9.jar;C:\Users\Priyanka\.m2\repository\commons-codec\commons-codec\1.5\commons-codec-1.5.jar;C:\Users\Priyanka\.m2\repository\org\apache\poi\poi-ooxml\3.9\poi-ooxml-3.9.jar;C:\Users\Priyanka\.m2\repository\dom4j\dom4j\1.6.1\dom4j-1.6.1.jar;C:\Users\Priyanka\.m2\repository\xml-apis\xml-apis\1.0.b2\xml-apis-1.0.b2.jar;C:\Users\Priyanka\.m2\repository\org\apache\poi\poi-ooxml-schemas\3.9\poi-ooxml-schemas-3.9.jar;C:\Users\Priyanka\.m2\repository\org\apache\xmlbeans\xmlbeans\2.3.0\xmlbeans-2.3.0.jar;C:\Users\Priyanka\.m2\repository\stax\stax-api\1.0.1\stax-api-1.0.1.jar;C:\Users\Priyanka\.m2\repository\org\apache\poi\poi-scratchpad\3.9\poi-scratchpad-3.9.jar;C:\Users\Priyanka\.m2\repository\org\apache\poi\ooxml-schemas\1.1\ooxml-schemas-1.1.jar;C:\Users\Priyanka\.m2\repository\org\apache\poi\openxml4j\1.0-beta\openxml4j-1.0-beta.jar;C:\Users\Priyanka\.m2\repository\log4j\log4j\1.2.8\log4j-1.2.8.jar;C:\Users\Priyanka\.m2\repository\com\relevantcodes\extentreports\2.41.2\extentreports-2.41.2.jar;C:\Users\Priyanka\.m2\repository\org\jsoup\jsoup\1.8.3\jsoup-1.8.3.jar;C:\Users\Priyanka\.m2\repository\org\xerial\sqlite-jdbc\3.8.11.1\sqlite-jdbc-3.8.11.1.jar;C:\Users\Priyanka\.m2\repository\org\freemarker\freemarker\2.3.23\freemarker-2.3.23.jar;C:\Users\Priyanka\.m2\repository\org\mongodb\mongodb-driver\3.0.4\mongodb-driver-3.0.4.jar;C:\Users\Priyanka\.m2\repository\org\mongodb\bson\3.0.4\bson-3.0.4.jar;C:\Users\Priyanka\.m2\repository\org\mongodb\mongodb-driver-core\3.0.4\mongodb-driver-core-3.0.4.jar;"/>
    <property name="java.vm.vendor" value="Oracle Corporation"/>
    <property name="sun.arch.data.model" value="64"/>
    <property name="user.variant" value=""/>
    <property name="java.vendor.url" value="http://java.oracle.com/"/>
    <property name="user.timezone" value="Asia/Calcutta"/>
    <property name="java.vm.specification.version" value="1.8"/>
    <property name="os.name" value="Windows 7"/>
    <property name="user.country" value="US"/>
    <property name="sun.java.launcher" value="SUN_STANDARD"/>
    <property name="sun.boot.library.path" value="C:\Program Files (x86)\Java\jdk1.8.0_191\jre\bin"/>
    <property name="sun.java.command" value="C:\Users\Priyanka\AppData\Local\Temp\surefire3039520314488294010\surefirebooter2120727463616995042.jar C:\Users\Priyanka\AppData\Local\Temp\surefire3039520314488294010 2019-05-25T10-34-55_902-jvmRun1 surefire6474652892484707975tmp surefire_04002704424179047262tmp"/>
    <property name="surefire.test.class.path" value="C:\workspaceForProject1\ShopCartProject2\target\test-classes;C:\workspaceForProject1\ShopCartProject2\target\classes;C:\Users\Priyanka\.m2\repository\org\seleniumhq\selenium\selenium-java\2.45.0\selenium-java-2.45.0.jar;C:\Users\Priyanka\.m2\repository\org\seleniumhq\selenium\selenium-chrome-driver\2.45.0\selenium-chrome-driver-2.45.0.jar;C:\Users\Priyanka\.m2\repository\org\seleniumhq\selenium\selenium-remote-driver\2.45.0\selenium-remote-driver-2.45.0.jar;C:\Users\Priyanka\.m2\repository\cglib\cglib-nodep\2.1_3\cglib-nodep-2.1_3.jar;C:\Users\Priyanka\.m2\repository\com\google\code\gson\gson\2.3.1\gson-2.3.1.jar;C:\Users\Priyanka\.m2\repository\org\seleniumhq\selenium\selenium-api\2.45.0\selenium-api-2.45.0.jar;C:\Users\Priyanka\.m2\repository\com\google\guava\guava\18.0\guava-18.0.jar;C:\Users\Priyanka\.m2\repository\org\seleniumhq\selenium\selenium-htmlunit-driver\2.45.0\selenium-htmlunit-driver-2.45.0.jar;C:\Users\Priyanka\.m2\repository\net\sourceforge\htmlunit\htmlunit\2.15\htmlunit-2.15.jar;C:\Users\Priyanka\.m2\repository\xalan\xalan\2.7.1\xalan-2.7.1.jar;C:\Users\Priyanka\.m2\repository\xalan\serializer\2.7.1\serializer-2.7.1.jar;C:\Users\Priyanka\.m2\repository\commons-collections\commons-collections\3.2.1\commons-collections-3.2.1.jar;C:\Users\Priyanka\.m2\repository\org\apache\commons\commons-lang3\3.3.2\commons-lang3-3.3.2.jar;C:\Users\Priyanka\.m2\repository\org\apache\httpcomponents\httpmime\4.3.3\httpmime-4.3.3.jar;C:\Users\Priyanka\.m2\repository\net\sourceforge\htmlunit\htmlunit-core-js\2.15\htmlunit-core-js-2.15.jar;C:\Users\Priyanka\.m2\repository\xerces\xercesImpl\2.11.0\xercesImpl-2.11.0.jar;C:\Users\Priyanka\.m2\repository\net\sourceforge\nekohtml\nekohtml\1.9.21\nekohtml-1.9.21.jar;C:\Users\Priyanka\.m2\repository\net\sourceforge\cssparser\cssparser\0.9.14\cssparser-0.9.14.jar;C:\Users\Priyanka\.m2\repository\org\w3c\css\sac\1.3\sac-1.3.jar;C:\Users\Priyanka\.m2\repository\commons-logging\commons-logging\1.1.3\commons-logging-1.1.3.jar;C:\Users\Priyanka\.m2\repository\org\eclipse\jetty\jetty-websocket\8.1.15.v20140411\jetty-websocket-8.1.15.v20140411.jar;C:\Users\Priyanka\.m2\repository\org\eclipse\jetty\jetty-util\8.1.15.v20140411\jetty-util-8.1.15.v20140411.jar;C:\Users\Priyanka\.m2\repository\org\eclipse\jetty\jetty-io\8.1.15.v20140411\jetty-io-8.1.15.v20140411.jar;C:\Users\Priyanka\.m2\repository\org\eclipse\jetty\jetty-http\8.1.15.v20140411\jetty-http-8.1.15.v20140411.jar;C:\Users\Priyanka\.m2\repository\org\apache\httpcomponents\httpclient\4.3.6\httpclient-4.3.6.jar;C:\Users\Priyanka\.m2\repository\org\apache\httpcomponents\httpcore\4.3.3\httpcore-4.3.3.jar;C:\Users\Priyanka\.m2\repository\org\seleniumhq\selenium\selenium-firefox-driver\2.45.0\selenium-firefox-driver-2.45.0.jar;C:\Users\Priyanka\.m2\repository\commons-io\commons-io\2.4\commons-io-2.4.jar;C:\Users\Priyanka\.m2\repository\org\apache\commons\commons-exec\1.1\commons-exec-1.1.jar;C:\Users\Priyanka\.m2\repository\org\seleniumhq\selenium\selenium-ie-driver\2.45.0\selenium-ie-driver-2.45.0.jar;C:\Users\Priyanka\.m2\repository\net\java\dev\jna\jna\3.4.0\jna-3.4.0.jar;C:\Users\Priyanka\.m2\repository\net\java\dev\jna\platform\3.4.0\platform-3.4.0.jar;C:\Users\Priyanka\.m2\repository\org\seleniumhq\selenium\selenium-safari-driver\2.45.0\selenium-safari-driver-2.45.0.jar;C:\Users\Priyanka\.m2\repository\org\seleniumhq\selenium\selenium-support\2.45.0\selenium-support-2.45.0.jar;C:\Users\Priyanka\.m2\repository\org\webbitserver\webbit\0.4.14\webbit-0.4.14.jar;C:\Users\Priyanka\.m2\repository\io\netty\netty\3.5.2.Final\netty-3.5.2.Final.jar;C:\Users\Priyanka\.m2\repository\org\seleniumhq\selenium\selenium-leg-rc\2.45.0\selenium-leg-rc-2.45.0.jar;C:\Users\Priyanka\.m2\repository\org\testng\testng\6.8\testng-6.8.jar;C:\Users\Priyanka\.m2\repository\junit\junit\4.10\junit-4.10.jar;C:\Users\Priyanka\.m2\repository\org\hamcrest\hamcrest-core\1.1\hamcrest-core-1.1.jar;C:\Users\Priyanka\.m2\repository\org\beanshell\bsh\2.0b4\bsh-2.0b4.jar;C:\Users\Priyanka\.m2\repository\com\beust\jcommander\1.27\jcommander-1.27.jar;C:\Users\Priyanka\.m2\repository\org\yaml\snakeyaml\1.6\snakeyaml-1.6.jar;C:\Users\Priyanka\.m2\repository\org\apache\poi\poi\3.9\poi-3.9.jar;C:\Users\Priyanka\.m2\repository\commons-codec\commons-codec\1.5\commons-codec-1.5.jar;C:\Users\Priyanka\.m2\repository\org\apache\poi\poi-ooxml\3.9\poi-ooxml-3.9.jar;C:\Users\Priyanka\.m2\repository\dom4j\dom4j\1.6.1\dom4j-1.6.1.jar;C:\Users\Priyanka\.m2\repository\xml-apis\xml-apis\1.0.b2\xml-apis-1.0.b2.jar;C:\Users\Priyanka\.m2\repository\org\apache\poi\poi-ooxml-schemas\3.9\poi-ooxml-schemas-3.9.jar;C:\Users\Priyanka\.m2\repository\org\apache\xmlbeans\xmlbeans\2.3.0\xmlbeans-2.3.0.jar;C:\Users\Priyanka\.m2\repository\stax\stax-api\1.0.1\stax-api-1.0.1.jar;C:\Users\Priyanka\.m2\repository\org\apache\poi\poi-scratchpad\3.9\poi-scratchpad-3.9.jar;C:\Users\Priyanka\.m2\repository\org\apache\poi\ooxml-schemas\1.1\ooxml-schemas-1.1.jar;C:\Users\Priyanka\.m2\repository\org\apache\poi\openxml4j\1.0-beta\openxml4j-1.0-beta.jar;C:\Users\Priyanka\.m2\repository\log4j\log4j\1.2.8\log4j-1.2.8.jar;C:\Users\Priyanka\.m2\repository\com\relevantcodes\extentreports\2.41.2\extentreports-2.41.2.jar;C:\Users\Priyanka\.m2\repository\org\jsoup\jsoup\1.8.3\jsoup-1.8.3.jar;C:\Users\Priyanka\.m2\repository\org\xerial\sqlite-jdbc\3.8.11.1\sqlite-jdbc-3.8.11.1.jar;C:\Users\Priyanka\.m2\repository\org\freemarker\freemarker\2.3.23\freemarker-2.3.23.jar;C:\Users\Priyanka\.m2\repository\org\mongodb\mongodb-driver\3.0.4\mongodb-driver-3.0.4.jar;C:\Users\Priyanka\.m2\repository\org\mongodb\bson\3.0.4\bson-3.0.4.jar;C:\Users\Priyanka\.m2\repository\org\mongodb\mongodb-driver-core\3.0.4\mongodb-driver-core-3.0.4.jar;"/>
    <property name="sun.cpu.endian" value="little"/>
    <property name="user.home" value="C:\Users\Priyanka"/>
    <property name="user.language" value="en"/>
    <property name="java.specification.vendor" value="Oracle Corporation"/>
    <property name="java.home" value="C:\Program Files (x86)\Java\jdk1.8.0_191\jre"/>
    <property name="basedir" value="C:\workspaceForProject1\ShopCartProject2"/>
    <property name="file.separator" value="\"/>
    <property name="line.separator" value="&#10;"/>
    <property name="java.vm.specification.vendor" value="Oracle Corporation"/>
    <property name="java.specification.name" value="Java Platform API Specification"/>
    <property name="java.awt.graphicsenv" value="sun.awt.Win32GraphicsEnvironment"/>
    <property name="surefire.real.class.path" value="C:\Users\Priyanka\AppData\Local\Temp\surefire3039520314488294010\surefirebooter2120727463616995042.jar"/>
    <property name="sun.boot.class.path" value="C:\Program Files (x86)\Java\jdk1.8.0_191\jre\lib\resources.jar;C:\Program Files (x86)\Java\jdk1.8.0_191\jre\lib\rt.jar;C:\Program Files (x86)\Java\jdk1.8.0_191\jre\lib\sunrsasign.jar;C:\Program Files (x86)\Java\jdk1.8.0_191\jre\lib\jsse.jar;C:\Program Files (x86)\Java\jdk1.8.0_191\jre\lib\jce.jar;C:\Program Files (x86)\Java\jdk1.8.0_191\jre\lib\charsets.jar;C:\Program Files (x86)\Java\jdk1.8.0_191\jre\lib\jfr.jar;C:\Program Files (x86)\Java\jdk1.8.0_191\jre\classes"/>
    <property name="user.script" value=""/>
    <property name="sun.management.compiler" value="HotSpot 64-Bit Tiered Compilers"/>
    <property name="java.runtime.version" value="1.8.0_191-b12"/>
    <property name="user.name" value="Priyanka"/>
    <property name="path.separator" value=";"/>
    <property name="os.version" value="6.1"/>
    <property name="java.endorsed.dirs" value="C:\Program Files (x86)\Java\jdk1.8.0_191\jre\lib\endorsed"/>
    <property name="java.runtime.name" value="Java(TM) SE Runtime Environment"/>
    <property name="file.encoding" value="Cp1252"/>
    <property name="java.vm.name" value="Java HotSpot(TM) 64-Bit Server VM"/>
    <property name="localRepository" value="C:\Users\Priyanka\.m2\repository"/>
    <property name="java.vendor.url.bug" value="http://bugreport.sun.com/bugreport/"/>
    <property name="java.io.tmpdir" value="C:\Users\Priyanka\AppData\Local\Temp\"/>
    <property name="java.version" value="1.8.0_191"/>
    <property name="user.dir" value="C:\workspaceForProject1\ShopCartProject2"/>
    <property name="os.arch" value="amd64"/>
    <property name="java.vm.specification.name" value="Java Virtual Machine Specification"/>
    <property name="java.awt.printerjob" value="sun.awt.windows.WPrinterJob"/>
    <property name="sun.os.patch.level" value="Service Pack 1"/>
    <property name="java.library.path" value="C:\Program Files (x86)\Java\jdk1.8.0_191\jre\bin;C:\Windows\Sun\Java\bin;C:\Windows\system32;C:\Windows;C:/Program Files/Java/jre1.8.0_191/bin/server;C:/Program Files/Java/jre1.8.0_191/bin;C:/Program Files/Java/jre1.8.0_191/lib/amd64;C:\Program Files (x86)\Common Files\Oracle\Java\javapath;C:\Program Files (x86)\Intel\iCLS Client\;C:\Program Files\Intel\iCLS Client\;C:\Windows\system32;C:\Windows;C:\Windows\System32\Wbem;C:\Windows\System32\WindowsPowerShell\v1.0\;C:\Program Files\Intel\Intel(R) Management Engine Components\DAL;C:\Program Files\Intel\Intel(R) Management Engine Components\IPT;C:\Program Files (x86)\Intel\Intel(R) Management Engine Components\DAL;C:\Program Files (x86)\Intel\Intel(R) Management Engine Components\IPT;C:\Program Files (x86)\Intel\OpenCL SDK\2.0\bin\x86;C:\Program Files (x86)\Intel\OpenCL SDK\2.0\bin\x64;C:\Program Files\MiKTeX 2.9\miktex\bin\x64\;C:\Program Files\Git\cmd;C:\Program Files\Git\mingw64\bin;C:\Program Files\Git\usr\bin;G:\JBK mevan\apache-maven-3.6.1\bin;C:\Program Files (x86)\PuTTY\;G:\eclipse;;."/>
    <property name="java.vm.info" value="mixed mode"/>
    <property name="java.vendor" value="Oracle Corporation"/>
    <property name="java.vm.version" value="25.191-b12"/>
    <property name="java.ext.dirs" value="C:\Program Files (x86)\Java\jdk1.8.0_191\jre\lib\ext;C:\Windows\Sun\Java\lib\ext"/>
    <property name="sun.io.unicode.encoding" value="UnicodeLittle"/>
    <property name="java.class.version" value="52.0"/>
  </properties>
  <testcase name="validatClickOnAddNewUser" classname="com.qa.testcases.OrderPageTest" time="1.303"/>
  <testcase name="validateLogoWithVersion" classname="com.qa.testcases.DashBoardPageTest" time="1.789"/>
  <testcase name="setUp" classname="com.qa.testcases.DashBoardPageTest" time="17.774">
    <failure message="chrome not reachable&#10;  (Session info: chrome=74.0.3729.169)&#10;  (Driver info: chromedriver=2.46.628402 (536cd7adbad73a3783fdc2cab92ab2ba7ec361e1),platform=Windows NT 6.1.7601 SP1 x86_64) (WARNING: The server did not provide any stacktrace information)&#10;Command duration or timeout: 6.09 seconds&#10;Build info: version: &apos;2.45.0&apos;, revision: &apos;5017cb8e7ca8e37638dc3091b2440b90a1d8686f&apos;, time: &apos;2015-02-27 09:10:26&apos;&#10;System info: host: &apos;Priyanka_Acer&apos;, ip: &apos;192.168.43.180&apos;, os.name: &apos;Windows 7&apos;, os.arch: &apos;amd64&apos;, os.version: &apos;6.1&apos;, java.version: &apos;1.8.0_191&apos;&#10;Driver info: org.openqa.selenium.chrome.ChromeDriver&#10;Capabilities [{mobileEmulationEnabled=false, timeouts={implicit=0, pageLoad=300000, script=30000}, hasTouchScreen=false, platform=XP, acceptSslCerts=false, goog:chromeOptions={debuggerAddress=localhost:59919}, acceptInsecureCerts=false, webStorageEnabled=true, browserName=chrome, takesScreenshot=true, javascriptEnabled=true, setWindowRect=true, unexpectedAlertBehaviour=ignore, applicationCacheEnabled=false, rotatable=false, networkConnectionEnabled=false, chrome={chromedriverVersion=2.46.628402 (536cd7adbad73a3783fdc2cab92ab2ba7ec361e1), userDataDir=C:\Users\Priyanka\AppData\Local\Temp\scoped_dir14104_26966}, takesHeapSnapshot=true, pageLoadStrategy=normal, strictFileInteractability=false, databaseEnabled=false, handlesAlerts=true, version=74.0.3729.169, browserConnectionEnabled=false, proxy={}, nativeEvents=true, locationContextEnabled=true, cssSelectorsEnabled=true}]&#10;Session ID: 26a2d64f266870d89048638ab19500c7&#10;*** Element info: {Using=xpath, value=//input[@id=&apos;email&apos;]}" type="org.openqa.selenium.WebDriverException">org.openqa.selenium.WebDriverException: 
chrome not reachable
  (Session info: chrome=74.0.3729.169)
  (Driver info: chromedriver=2.46.628402 (536cd7adbad73a3783fdc2cab92ab2ba7ec361e1),platform=Windows NT 6.1.7601 SP1 x86_64) (WARNING: The server did not provide any stacktrace information)
Command duration or timeout: 6.09 seconds
Build info: version: '2.45.0', revision: '5017cb8e7ca8e37638dc3091b2440b90a1d8686f', time: '2015-02-27 09:10:26'
System info: host: 'Priyanka_Acer', ip: '192.168.43.180', os.name: 'Windows 7', os.arch: 'amd64', os.version: '6.1', java.version: '1.8.0_191'
Driver info: org.openqa.selenium.chrome.ChromeDriver
Capabilities [{mobileEmulationEnabled=false, timeouts={implicit=0, pageLoad=300000, script=30000}, hasTouchScreen=false, platform=XP, acceptSslCerts=false, goog:chromeOptions={debuggerAddress=localhost:59919}, acceptInsecureCerts=false, webStorageEnabled=true, browserName=chrome, takesScreenshot=true, javascriptEnabled=true, setWindowRect=true, unexpectedAlertBehaviour=ignore, applicationCacheEnabled=false, rotatable=false, networkConnectionEnabled=false, chrome={chromedriverVersion=2.46.628402 (536cd7adbad73a3783fdc2cab92ab2ba7ec361e1), userDataDir=C:\Users\Priyanka\AppData\Local\Temp\scoped_dir14104_26966}, takesHeapSnapshot=true, pageLoadStrategy=normal, strictFileInteractability=false, databaseEnabled=false, handlesAlerts=true, version=74.0.3729.169, browserConnectionEnabled=false, proxy={}, nativeEvents=true, locationContextEnabled=true, cssSelectorsEnabled=true}]
Session ID: 26a2d64f266870d89048638ab19500c7
*** Element info: {Using=xpath, value=//input[@id='email']}
	at com.qa.testcases.DashBoardPageTest.setUp(DashBoardPageTest.java:32)
</failure>
    <system-out><![CDATA[05-25-2019 10:35:48 RequestAddCookies.java DEBUG [Forwarding close on session 40e364489295bf1609f9d0f4abd16c0c to remote] protocol.RequestAddCookies 122 - CookieSpec selected: best-match
05-25-2019 10:35:48 RequestAuthCache.java DEBUG [Forwarding close on session 40e364489295bf1609f9d0f4abd16c0c to remote] protocol.RequestAuthCache 75 - Auth cache not set in the context
05-25-2019 10:35:48 PoolingHttpClientConnectionManager.java DEBUG [Forwarding close on session 40e364489295bf1609f9d0f4abd16c0c to remote] conn.PoolingHttpClientConnectionManager 219 - Connection request: [route: {}->http://localhost:4517][total kept alive: 2; route allocated: 1 of 2000; total allocated: 2 of 2000]
05-25-2019 10:35:48 PoolingHttpClientConnectionManager.java DEBUG [Forwarding close on session 40e364489295bf1609f9d0f4abd16c0c to remote] conn.PoolingHttpClientConnectionManager 250 - Connection leased: [id: 1][route: {}->http://localhost:4517][total kept alive: 1; route allocated: 1 of 2000; total allocated: 2 of 2000]
05-25-2019 10:35:48 MainClientExec.java DEBUG [Forwarding close on session 40e364489295bf1609f9d0f4abd16c0c to remote] execchain.MainClientExec 190 - Stale connection check
05-25-2019 10:35:48 Wire.java DEBUG [Forwarding close on session 40e364489295bf1609f9d0f4abd16c0c to remote] http.wire 86 - http-outgoing-1 << "[read] I/O error: Read timed out"
05-25-2019 10:35:48 MainClientExec.java DEBUG [Forwarding close on session 40e364489295bf1609f9d0f4abd16c0c to remote] execchain.MainClientExec 238 - Executing request DELETE /session/40e364489295bf1609f9d0f4abd16c0c/window HTTP/1.1
05-25-2019 10:35:48 MainClientExec.java DEBUG [Forwarding close on session 40e364489295bf1609f9d0f4abd16c0c to remote] execchain.MainClientExec 243 - Target auth state: UNCHALLENGED
05-25-2019 10:35:48 MainClientExec.java DEBUG [Forwarding close on session 40e364489295bf1609f9d0f4abd16c0c to remote] execchain.MainClientExec 249 - Proxy auth state: UNCHALLENGED
05-25-2019 10:35:48 LoggingManagedHttpClientConnection.java DEBUG [Forwarding close on session 40e364489295bf1609f9d0f4abd16c0c to remote] http.headers 124 - http-outgoing-1 >> DELETE /session/40e364489295bf1609f9d0f4abd16c0c/window HTTP/1.1
05-25-2019 10:35:48 LoggingManagedHttpClientConnection.java DEBUG [Forwarding close on session 40e364489295bf1609f9d0f4abd16c0c to remote] http.headers 127 - http-outgoing-1 >> Host: localhost:4517
05-25-2019 10:35:48 LoggingManagedHttpClientConnection.java DEBUG [Forwarding close on session 40e364489295bf1609f9d0f4abd16c0c to remote] http.headers 127 - http-outgoing-1 >> Connection: Keep-Alive
05-25-2019 10:35:48 LoggingManagedHttpClientConnection.java DEBUG [Forwarding close on session 40e364489295bf1609f9d0f4abd16c0c to remote] http.headers 127 - http-outgoing-1 >> User-Agent: Apache-HttpClient/4.3.6 (java 1.5)
05-25-2019 10:35:48 LoggingManagedHttpClientConnection.java DEBUG [Forwarding close on session 40e364489295bf1609f9d0f4abd16c0c to remote] http.headers 127 - http-outgoing-1 >> Accept-Encoding: gzip,deflate
05-25-2019 10:35:48 Wire.java DEBUG [Forwarding close on session 40e364489295bf1609f9d0f4abd16c0c to remote] http.wire 72 - http-outgoing-1 >> "DELETE /session/40e364489295bf1609f9d0f4abd16c0c/window HTTP/1.1[\r][\n]"
05-25-2019 10:35:48 Wire.java DEBUG [Forwarding close on session 40e364489295bf1609f9d0f4abd16c0c to remote] http.wire 72 - http-outgoing-1 >> "Host: localhost:4517[\r][\n]"
05-25-2019 10:35:48 Wire.java DEBUG [Forwarding close on session 40e364489295bf1609f9d0f4abd16c0c to remote] http.wire 72 - http-outgoing-1 >> "Connection: Keep-Alive[\r][\n]"
05-25-2019 10:35:48 Wire.java DEBUG [Forwarding close on session 40e364489295bf1609f9d0f4abd16c0c to remote] http.wire 72 - http-outgoing-1 >> "User-Agent: Apache-HttpClient/4.3.6 (java 1.5)[\r][\n]"
05-25-2019 10:35:48 Wire.java DEBUG [Forwarding close on session 40e364489295bf1609f9d0f4abd16c0c to remote] http.wire 72 - http-outgoing-1 >> "Accept-Encoding: gzip,deflate[\r][\n]"
05-25-2019 10:35:48 Wire.java DEBUG [Forwarding close on session 40e364489295bf1609f9d0f4abd16c0c to remote] http.wire 72 - http-outgoing-1 >> "[\r][\n]"
05-25-2019 10:35:48 Wire.java DEBUG [Forwarding close on session 40e364489295bf1609f9d0f4abd16c0c to remote] http.wire 72 - http-outgoing-1 << "HTTP/1.1 200 OK[\r][\n]"
05-25-2019 10:35:48 Wire.java DEBUG [Forwarding close on session 40e364489295bf1609f9d0f4abd16c0c to remote] http.wire 72 - http-outgoing-1 << "Content-Length:70[\r][\n]"
05-25-2019 10:35:48 Wire.java DEBUG [Forwarding close on session 40e364489295bf1609f9d0f4abd16c0c to remote] http.wire 72 - http-outgoing-1 << "Content-Type:application/json; charset=utf-8[\r][\n]"
05-25-2019 10:35:48 Wire.java DEBUG [Forwarding close on session 40e364489295bf1609f9d0f4abd16c0c to remote] http.wire 72 - http-outgoing-1 << "[\r][\n]"
05-25-2019 10:35:48 Wire.java DEBUG [Forwarding close on session 40e364489295bf1609f9d0f4abd16c0c to remote] http.wire 86 - http-outgoing-1 << "{"sessionId":"40e364489295bf1609f9d0f4abd16c0c","status":0,"value":[]}"
05-25-2019 10:35:48 LoggingManagedHttpClientConnection.java DEBUG [Forwarding close on session 40e364489295bf1609f9d0f4abd16c0c to remote] http.headers 113 - http-outgoing-1 << HTTP/1.1 200 OK
05-25-2019 10:35:48 LoggingManagedHttpClientConnection.java DEBUG [Forwarding close on session 40e364489295bf1609f9d0f4abd16c0c to remote] http.headers 116 - http-outgoing-1 << Content-Length:70
05-25-2019 10:35:48 LoggingManagedHttpClientConnection.java DEBUG [Forwarding close on session 40e364489295bf1609f9d0f4abd16c0c to remote] http.headers 116 - http-outgoing-1 << Content-Type:application/json; charset=utf-8
05-25-2019 10:35:48 MainClientExec.java DEBUG [Forwarding close on session 40e364489295bf1609f9d0f4abd16c0c to remote] execchain.MainClientExec 267 - Connection can be kept alive indefinitely
05-25-2019 10:35:48 PoolingHttpClientConnectionManager.java DEBUG [Forwarding close on session 40e364489295bf1609f9d0f4abd16c0c to remote] conn.PoolingHttpClientConnectionManager 281 - Connection [id: 1][route: {}->http://localhost:4517] can be kept alive indefinitely
05-25-2019 10:35:48 PoolingHttpClientConnectionManager.java DEBUG [Forwarding close on session 40e364489295bf1609f9d0f4abd16c0c to remote] conn.PoolingHttpClientConnectionManager 287 - Connection released: [id: 1][route: {}->http://localhost:4517][total kept alive: 2; route allocated: 1 of 2000; total allocated: 2 of 2000]
initing....
drivr launching...
05-25-2019 10:35:48 RequestAddCookies.java DEBUG [Forwarding newSession on session null to remote] protocol.RequestAddCookies 122 - CookieSpec selected: best-match
05-25-2019 10:35:48 RequestAuthCache.java DEBUG [Forwarding newSession on session null to remote] protocol.RequestAuthCache 75 - Auth cache not set in the context
05-25-2019 10:35:48 PoolingHttpClientConnectionManager.java DEBUG [Forwarding newSession on session null to remote] conn.PoolingHttpClientConnectionManager 219 - Connection request: [route: {}->http://localhost:11892][total kept alive: 2; route allocated: 0 of 2000; total allocated: 2 of 2000]
05-25-2019 10:35:48 PoolingHttpClientConnectionManager.java DEBUG [Forwarding newSession on session null to remote] conn.PoolingHttpClientConnectionManager 250 - Connection leased: [id: 2][route: {}->http://localhost:11892][total kept alive: 2; route allocated: 1 of 2000; total allocated: 3 of 2000]
05-25-2019 10:35:48 MainClientExec.java DEBUG [Forwarding newSession on session null to remote] execchain.MainClientExec 217 - Opening connection {}->http://localhost:11892
05-25-2019 10:35:48 HttpClientConnectionOperator.java DEBUG [Forwarding newSession on session null to remote] conn.HttpClientConnectionOperator 122 - Connecting to localhost/127.0.0.1:11892
05-25-2019 10:35:48 HttpClientConnectionOperator.java DEBUG [Forwarding newSession on session null to remote] conn.HttpClientConnectionOperator 129 - Connection established 127.0.0.1:59918<->127.0.0.1:11892
05-25-2019 10:35:48 MainClientExec.java DEBUG [Forwarding newSession on session null to remote] execchain.MainClientExec 238 - Executing request POST /session HTTP/1.1
05-25-2019 10:35:48 MainClientExec.java DEBUG [Forwarding newSession on session null to remote] execchain.MainClientExec 243 - Target auth state: UNCHALLENGED
05-25-2019 10:35:48 MainClientExec.java DEBUG [Forwarding newSession on session null to remote] execchain.MainClientExec 249 - Proxy auth state: UNCHALLENGED
05-25-2019 10:35:48 LoggingManagedHttpClientConnection.java DEBUG [Forwarding newSession on session null to remote] http.headers 124 - http-outgoing-2 >> POST /session HTTP/1.1
05-25-2019 10:35:48 LoggingManagedHttpClientConnection.java DEBUG [Forwarding newSession on session null to remote] http.headers 127 - http-outgoing-2 >> Content-Type: application/json; charset=utf-8
05-25-2019 10:35:48 LoggingManagedHttpClientConnection.java DEBUG [Forwarding newSession on session null to remote] http.headers 127 - http-outgoing-2 >> Content-Length: 122
05-25-2019 10:35:48 LoggingManagedHttpClientConnection.java DEBUG [Forwarding newSession on session null to remote] http.headers 127 - http-outgoing-2 >> Host: localhost:11892
05-25-2019 10:35:48 LoggingManagedHttpClientConnection.java DEBUG [Forwarding newSession on session null to remote] http.headers 127 - http-outgoing-2 >> Connection: Keep-Alive
05-25-2019 10:35:48 LoggingManagedHttpClientConnection.java DEBUG [Forwarding newSession on session null to remote] http.headers 127 - http-outgoing-2 >> User-Agent: Apache-HttpClient/4.3.6 (java 1.5)
05-25-2019 10:35:48 LoggingManagedHttpClientConnection.java DEBUG [Forwarding newSession on session null to remote] http.headers 127 - http-outgoing-2 >> Accept-Encoding: gzip,deflate
05-25-2019 10:35:48 Wire.java DEBUG [Forwarding newSession on session null to remote] http.wire 72 - http-outgoing-2 >> "POST /session HTTP/1.1[\r][\n]"
05-25-2019 10:35:48 Wire.java DEBUG [Forwarding newSession on session null to remote] http.wire 72 - http-outgoing-2 >> "Content-Type: application/json; charset=utf-8[\r][\n]"
05-25-2019 10:35:48 Wire.java DEBUG [Forwarding newSession on session null to remote] http.wire 72 - http-outgoing-2 >> "Content-Length: 122[\r][\n]"
05-25-2019 10:35:48 Wire.java DEBUG [Forwarding newSession on session null to remote] http.wire 72 - http-outgoing-2 >> "Host: localhost:11892[\r][\n]"
05-25-2019 10:35:48 Wire.java DEBUG [Forwarding newSession on session null to remote] http.wire 72 - http-outgoing-2 >> "Connection: Keep-Alive[\r][\n]"
05-25-2019 10:35:48 Wire.java DEBUG [Forwarding newSession on session null to remote] http.wire 72 - http-outgoing-2 >> "User-Agent: Apache-HttpClient/4.3.6 (java 1.5)[\r][\n]"
05-25-2019 10:35:48 Wire.java DEBUG [Forwarding newSession on session null to remote] http.wire 72 - http-outgoing-2 >> "Accept-Encoding: gzip,deflate[\r][\n]"
05-25-2019 10:35:48 Wire.java DEBUG [Forwarding newSession on session null to remote] http.wire 72 - http-outgoing-2 >> "[\r][\n]"
05-25-2019 10:35:48 Wire.java DEBUG [Forwarding newSession on session null to remote] http.wire 86 - http-outgoing-2 >> "{"desiredCapabilities":{"browserName":"chrome","chromeOptions":{"args":[],"extensions":[]},"version":"","platform":"ANY"}}"
05-25-2019 10:35:51 Wire.java DEBUG [Forwarding newSession on session null to remote] http.wire 72 - http-outgoing-2 << "HTTP/1.1 200 OK[\r][\n]"
05-25-2019 10:35:51 Wire.java DEBUG [Forwarding newSession on session null to remote] http.wire 72 - http-outgoing-2 << "Content-Length:1002[\r][\n]"
05-25-2019 10:35:51 Wire.java DEBUG [Forwarding newSession on session null to remote] http.wire 72 - http-outgoing-2 << "Content-Type:application/json; charset=utf-8[\r][\n]"
05-25-2019 10:35:51 Wire.java DEBUG [Forwarding newSession on session null to remote] http.wire 72 - http-outgoing-2 << "[\r][\n]"
05-25-2019 10:35:51 Wire.java DEBUG [Forwarding newSession on session null to remote] http.wire 86 - http-outgoing-2 << "{"sessionId":"26a2d64f266870d89048638ab19500c7","status":0,"value":{"acceptInsecureCerts":false,"acceptSslCerts":false,"applicationCacheEnabled":false,"browserConnectionEnabled":false,"browserName":"chrome","chrome":{"chromedriverVersion":"2.46.628402 (536cd7adbad73a3783fdc2cab92ab2ba7ec361e1)","userDataDir":"C:\\Users\\Priyanka\\AppData\\Local\\Temp\\scoped_dir14104_26966"},"cssSelectorsEnabled":true,"databaseEnabled":false,"goog:chromeOptions":{"debuggerAddress":"localhost:59919"},"handlesAlerts":true,"hasTouchScreen":false,"javascriptEnabled":true,"locationContextEnabled":true,"mobileEmulationEnabled":false,"nativeEvents":true,"networkConnectionEnabled":false,"pageLoadStrategy":"normal","platform":"Windows NT","proxy":{},"rotatable":false,"setWindowRect":true,"strictFileInteractability":false,"takesHeapSnapshot":true,"takesScreenshot":true,"timeouts":{"implicit":0,"pageLoad":300000,"script":30000},"unexpectedAlertBehaviour":"ignore","version":"74.0.3729.169","webStorageEnabled":true}}"
05-25-2019 10:35:51 LoggingManagedHttpClientConnection.java DEBUG [Forwarding newSession on session null to remote] http.headers 113 - http-outgoing-2 << HTTP/1.1 200 OK
05-25-2019 10:35:51 LoggingManagedHttpClientConnection.java DEBUG [Forwarding newSession on session null to remote] http.headers 116 - http-outgoing-2 << Content-Length:1002
05-25-2019 10:35:51 LoggingManagedHttpClientConnection.java DEBUG [Forwarding newSession on session null to remote] http.headers 116 - http-outgoing-2 << Content-Type:application/json; charset=utf-8
05-25-2019 10:35:51 MainClientExec.java DEBUG [Forwarding newSession on session null to remote] execchain.MainClientExec 267 - Connection can be kept alive indefinitely
05-25-2019 10:35:51 PoolingHttpClientConnectionManager.java DEBUG [Forwarding newSession on session null to remote] conn.PoolingHttpClientConnectionManager 281 - Connection [id: 2][route: {}->http://localhost:11892] can be kept alive indefinitely
05-25-2019 10:35:51 PoolingHttpClientConnectionManager.java DEBUG [Forwarding newSession on session null to remote] conn.PoolingHttpClientConnectionManager 287 - Connection released: [id: 2][route: {}->http://localhost:11892][total kept alive: 3; route allocated: 1 of 2000; total allocated: 3 of 2000]
05-25-2019 10:35:51 RequestAddCookies.java DEBUG [Forwarding maximizeWindow on session 26a2d64f266870d89048638ab19500c7 to remote] protocol.RequestAddCookies 122 - CookieSpec selected: best-match
05-25-2019 10:35:51 RequestAuthCache.java DEBUG [Forwarding maximizeWindow on session 26a2d64f266870d89048638ab19500c7 to remote] protocol.RequestAuthCache 75 - Auth cache not set in the context
05-25-2019 10:35:51 PoolingHttpClientConnectionManager.java DEBUG [Forwarding maximizeWindow on session 26a2d64f266870d89048638ab19500c7 to remote] conn.PoolingHttpClientConnectionManager 219 - Connection request: [route: {}->http://localhost:11892][total kept alive: 3; route allocated: 1 of 2000; total allocated: 3 of 2000]
05-25-2019 10:35:51 PoolingHttpClientConnectionManager.java DEBUG [Forwarding maximizeWindow on session 26a2d64f266870d89048638ab19500c7 to remote] conn.PoolingHttpClientConnectionManager 250 - Connection leased: [id: 2][route: {}->http://localhost:11892][total kept alive: 2; route allocated: 1 of 2000; total allocated: 3 of 2000]
05-25-2019 10:35:51 MainClientExec.java DEBUG [Forwarding maximizeWindow on session 26a2d64f266870d89048638ab19500c7 to remote] execchain.MainClientExec 190 - Stale connection check
05-25-2019 10:35:51 Wire.java DEBUG [Forwarding maximizeWindow on session 26a2d64f266870d89048638ab19500c7 to remote] http.wire 86 - http-outgoing-2 << "[read] I/O error: Read timed out"
05-25-2019 10:35:51 MainClientExec.java DEBUG [Forwarding maximizeWindow on session 26a2d64f266870d89048638ab19500c7 to remote] execchain.MainClientExec 238 - Executing request POST /session/26a2d64f266870d89048638ab19500c7/window/current/maximize HTTP/1.1
05-25-2019 10:35:51 MainClientExec.java DEBUG [Forwarding maximizeWindow on session 26a2d64f266870d89048638ab19500c7 to remote] execchain.MainClientExec 243 - Target auth state: UNCHALLENGED
05-25-2019 10:35:51 MainClientExec.java DEBUG [Forwarding maximizeWindow on session 26a2d64f266870d89048638ab19500c7 to remote] execchain.MainClientExec 249 - Proxy auth state: UNCHALLENGED
05-25-2019 10:35:51 LoggingManagedHttpClientConnection.java DEBUG [Forwarding maximizeWindow on session 26a2d64f266870d89048638ab19500c7 to remote] http.headers 124 - http-outgoing-2 >> POST /session/26a2d64f266870d89048638ab19500c7/window/current/maximize HTTP/1.1
05-25-2019 10:35:51 LoggingManagedHttpClientConnection.java DEBUG [Forwarding maximizeWindow on session 26a2d64f266870d89048638ab19500c7 to remote] http.headers 127 - http-outgoing-2 >> Content-Type: application/json; charset=utf-8
05-25-2019 10:35:51 LoggingManagedHttpClientConnection.java DEBUG [Forwarding maximizeWindow on session 26a2d64f266870d89048638ab19500c7 to remote] http.headers 127 - http-outgoing-2 >> Content-Length: 26
05-25-2019 10:35:51 LoggingManagedHttpClientConnection.java DEBUG [Forwarding maximizeWindow on session 26a2d64f266870d89048638ab19500c7 to remote] http.headers 127 - http-outgoing-2 >> Host: localhost:11892
05-25-2019 10:35:51 LoggingManagedHttpClientConnection.java DEBUG [Forwarding maximizeWindow on session 26a2d64f266870d89048638ab19500c7 to remote] http.headers 127 - http-outgoing-2 >> Connection: Keep-Alive
05-25-2019 10:35:51 LoggingManagedHttpClientConnection.java DEBUG [Forwarding maximizeWindow on session 26a2d64f266870d89048638ab19500c7 to remote] http.headers 127 - http-outgoing-2 >> User-Agent: Apache-HttpClient/4.3.6 (java 1.5)
05-25-2019 10:35:51 LoggingManagedHttpClientConnection.java DEBUG [Forwarding maximizeWindow on session 26a2d64f266870d89048638ab19500c7 to remote] http.headers 127 - http-outgoing-2 >> Accept-Encoding: gzip,deflate
05-25-2019 10:35:51 Wire.java DEBUG [Forwarding maximizeWindow on session 26a2d64f266870d89048638ab19500c7 to remote] http.wire 72 - http-outgoing-2 >> "POST /session/26a2d64f266870d89048638ab19500c7/window/current/maximize HTTP/1.1[\r][\n]"
05-25-2019 10:35:51 Wire.java DEBUG [Forwarding maximizeWindow on session 26a2d64f266870d89048638ab19500c7 to remote] http.wire 72 - http-outgoing-2 >> "Content-Type: application/json; charset=utf-8[\r][\n]"
05-25-2019 10:35:51 Wire.java DEBUG [Forwarding maximizeWindow on session 26a2d64f266870d89048638ab19500c7 to remote] http.wire 72 - http-outgoing-2 >> "Content-Length: 26[\r][\n]"
05-25-2019 10:35:51 Wire.java DEBUG [Forwarding maximizeWindow on session 26a2d64f266870d89048638ab19500c7 to remote] http.wire 72 - http-outgoing-2 >> "Host: localhost:11892[\r][\n]"
05-25-2019 10:35:51 Wire.java DEBUG [Forwarding maximizeWindow on session 26a2d64f266870d89048638ab19500c7 to remote] http.wire 72 - http-outgoing-2 >> "Connection: Keep-Alive[\r][\n]"
05-25-2019 10:35:51 Wire.java DEBUG [Forwarding maximizeWindow on session 26a2d64f266870d89048638ab19500c7 to remote] http.wire 72 - http-outgoing-2 >> "User-Agent: Apache-HttpClient/4.3.6 (java 1.5)[\r][\n]"
05-25-2019 10:35:51 Wire.java DEBUG [Forwarding maximizeWindow on session 26a2d64f266870d89048638ab19500c7 to remote] http.wire 72 - http-outgoing-2 >> "Accept-Encoding: gzip,deflate[\r][\n]"
05-25-2019 10:35:51 Wire.java DEBUG [Forwarding maximizeWindow on session 26a2d64f266870d89048638ab19500c7 to remote] http.wire 72 - http-outgoing-2 >> "[\r][\n]"
05-25-2019 10:35:51 Wire.java DEBUG [Forwarding maximizeWindow on session 26a2d64f266870d89048638ab19500c7 to remote] http.wire 86 - http-outgoing-2 >> "{"windowHandle":"current"}"
05-25-2019 10:35:52 Wire.java DEBUG [Forwarding maximizeWindow on session 26a2d64f266870d89048638ab19500c7 to remote] http.wire 72 - http-outgoing-2 << "HTTP/1.1 200 OK[\r][\n]"
05-25-2019 10:35:52 Wire.java DEBUG [Forwarding maximizeWindow on session 26a2d64f266870d89048638ab19500c7 to remote] http.wire 72 - http-outgoing-2 << "Content-Length:109[\r][\n]"
05-25-2019 10:35:52 Wire.java DEBUG [Forwarding maximizeWindow on session 26a2d64f266870d89048638ab19500c7 to remote] http.wire 72 - http-outgoing-2 << "Content-Type:application/json; charset=utf-8[\r][\n]"
05-25-2019 10:35:52 Wire.java DEBUG [Forwarding maximizeWindow on session 26a2d64f266870d89048638ab19500c7 to remote] http.wire 72 - http-outgoing-2 << "[\r][\n]"
05-25-2019 10:35:52 Wire.java DEBUG [Forwarding maximizeWindow on session 26a2d64f266870d89048638ab19500c7 to remote] http.wire 86 - http-outgoing-2 << "{"sessionId":"26a2d64f266870d89048638ab19500c7","status":0,"value":{"height":744,"width":1382,"x":-8,"y":-8}}"
05-25-2019 10:35:52 LoggingManagedHttpClientConnection.java DEBUG [Forwarding maximizeWindow on session 26a2d64f266870d89048638ab19500c7 to remote] http.headers 113 - http-outgoing-2 << HTTP/1.1 200 OK
05-25-2019 10:35:52 LoggingManagedHttpClientConnection.java DEBUG [Forwarding maximizeWindow on session 26a2d64f266870d89048638ab19500c7 to remote] http.headers 116 - http-outgoing-2 << Content-Length:109
05-25-2019 10:35:52 LoggingManagedHttpClientConnection.java DEBUG [Forwarding maximizeWindow on session 26a2d64f266870d89048638ab19500c7 to remote] http.headers 116 - http-outgoing-2 << Content-Type:application/json; charset=utf-8
05-25-2019 10:35:52 MainClientExec.java DEBUG [Forwarding maximizeWindow on session 26a2d64f266870d89048638ab19500c7 to remote] execchain.MainClientExec 267 - Connection can be kept alive indefinitely
05-25-2019 10:35:52 PoolingHttpClientConnectionManager.java DEBUG [Forwarding maximizeWindow on session 26a2d64f266870d89048638ab19500c7 to remote] conn.PoolingHttpClientConnectionManager 281 - Connection [id: 2][route: {}->http://localhost:11892] can be kept alive indefinitely
05-25-2019 10:35:52 PoolingHttpClientConnectionManager.java DEBUG [Forwarding maximizeWindow on session 26a2d64f266870d89048638ab19500c7 to remote] conn.PoolingHttpClientConnectionManager 287 - Connection released: [id: 2][route: {}->http://localhost:11892][total kept alive: 3; route allocated: 1 of 2000; total allocated: 3 of 2000]
05-25-2019 10:35:52 RequestAddCookies.java DEBUG [Forwarding deleteAllCookies on session 26a2d64f266870d89048638ab19500c7 to remote] protocol.RequestAddCookies 122 - CookieSpec selected: best-match
05-25-2019 10:35:52 RequestAuthCache.java DEBUG [Forwarding deleteAllCookies on session 26a2d64f266870d89048638ab19500c7 to remote] protocol.RequestAuthCache 75 - Auth cache not set in the context
05-25-2019 10:35:52 PoolingHttpClientConnectionManager.java DEBUG [Forwarding deleteAllCookies on session 26a2d64f266870d89048638ab19500c7 to remote] conn.PoolingHttpClientConnectionManager 219 - Connection request: [route: {}->http://localhost:11892][total kept alive: 3; route allocated: 1 of 2000; total allocated: 3 of 2000]
05-25-2019 10:35:52 PoolingHttpClientConnectionManager.java DEBUG [Forwarding deleteAllCookies on session 26a2d64f266870d89048638ab19500c7 to remote] conn.PoolingHttpClientConnectionManager 250 - Connection leased: [id: 2][route: {}->http://localhost:11892][total kept alive: 2; route allocated: 1 of 2000; total allocated: 3 of 2000]
05-25-2019 10:35:52 MainClientExec.java DEBUG [Forwarding deleteAllCookies on session 26a2d64f266870d89048638ab19500c7 to remote] execchain.MainClientExec 190 - Stale connection check
05-25-2019 10:35:52 Wire.java DEBUG [Forwarding deleteAllCookies on session 26a2d64f266870d89048638ab19500c7 to remote] http.wire 86 - http-outgoing-2 << "[read] I/O error: Read timed out"
05-25-2019 10:35:52 MainClientExec.java DEBUG [Forwarding deleteAllCookies on session 26a2d64f266870d89048638ab19500c7 to remote] execchain.MainClientExec 238 - Executing request DELETE /session/26a2d64f266870d89048638ab19500c7/cookie HTTP/1.1
05-25-2019 10:35:52 MainClientExec.java DEBUG [Forwarding deleteAllCookies on session 26a2d64f266870d89048638ab19500c7 to remote] execchain.MainClientExec 243 - Target auth state: UNCHALLENGED
05-25-2019 10:35:52 MainClientExec.java DEBUG [Forwarding deleteAllCookies on session 26a2d64f266870d89048638ab19500c7 to remote] execchain.MainClientExec 249 - Proxy auth state: UNCHALLENGED
05-25-2019 10:35:52 LoggingManagedHttpClientConnection.java DEBUG [Forwarding deleteAllCookies on session 26a2d64f266870d89048638ab19500c7 to remote] http.headers 124 - http-outgoing-2 >> DELETE /session/26a2d64f266870d89048638ab19500c7/cookie HTTP/1.1
05-25-2019 10:35:52 LoggingManagedHttpClientConnection.java DEBUG [Forwarding deleteAllCookies on session 26a2d64f266870d89048638ab19500c7 to remote] http.headers 127 - http-outgoing-2 >> Host: localhost:11892
05-25-2019 10:35:52 LoggingManagedHttpClientConnection.java DEBUG [Forwarding deleteAllCookies on session 26a2d64f266870d89048638ab19500c7 to remote] http.headers 127 - http-outgoing-2 >> Connection: Keep-Alive
05-25-2019 10:35:52 LoggingManagedHttpClientConnection.java DEBUG [Forwarding deleteAllCookies on session 26a2d64f266870d89048638ab19500c7 to remote] http.headers 127 - http-outgoing-2 >> User-Agent: Apache-HttpClient/4.3.6 (java 1.5)
05-25-2019 10:35:52 LoggingManagedHttpClientConnection.java DEBUG [Forwarding deleteAllCookies on session 26a2d64f266870d89048638ab19500c7 to remote] http.headers 127 - http-outgoing-2 >> Accept-Encoding: gzip,deflate
05-25-2019 10:35:52 Wire.java DEBUG [Forwarding deleteAllCookies on session 26a2d64f266870d89048638ab19500c7 to remote] http.wire 72 - http-outgoing-2 >> "DELETE /session/26a2d64f266870d89048638ab19500c7/cookie HTTP/1.1[\r][\n]"
05-25-2019 10:35:52 Wire.java DEBUG [Forwarding deleteAllCookies on session 26a2d64f266870d89048638ab19500c7 to remote] http.wire 72 - http-outgoing-2 >> "Host: localhost:11892[\r][\n]"
05-25-2019 10:35:52 Wire.java DEBUG [Forwarding deleteAllCookies on session 26a2d64f266870d89048638ab19500c7 to remote] http.wire 72 - http-outgoing-2 >> "Connection: Keep-Alive[\r][\n]"
05-25-2019 10:35:52 Wire.java DEBUG [Forwarding deleteAllCookies on session 26a2d64f266870d89048638ab19500c7 to remote] http.wire 72 - http-outgoing-2 >> "User-Agent: Apache-HttpClient/4.3.6 (java 1.5)[\r][\n]"
05-25-2019 10:35:52 Wire.java DEBUG [Forwarding deleteAllCookies on session 26a2d64f266870d89048638ab19500c7 to remote] http.wire 72 - http-outgoing-2 >> "Accept-Encoding: gzip,deflate[\r][\n]"
05-25-2019 10:35:52 Wire.java DEBUG [Forwarding deleteAllCookies on session 26a2d64f266870d89048638ab19500c7 to remote] http.wire 72 - http-outgoing-2 >> "[\r][\n]"
05-25-2019 10:35:52 Wire.java DEBUG [Forwarding deleteAllCookies on session 26a2d64f266870d89048638ab19500c7 to remote] http.wire 72 - http-outgoing-2 << "HTTP/1.1 200 OK[\r][\n]"
05-25-2019 10:35:52 Wire.java DEBUG [Forwarding deleteAllCookies on session 26a2d64f266870d89048638ab19500c7 to remote] http.wire 72 - http-outgoing-2 << "Content-Length:72[\r][\n]"
05-25-2019 10:35:52 Wire.java DEBUG [Forwarding deleteAllCookies on session 26a2d64f266870d89048638ab19500c7 to remote] http.wire 72 - http-outgoing-2 << "Content-Type:application/json; charset=utf-8[\r][\n]"
05-25-2019 10:35:52 Wire.java DEBUG [Forwarding deleteAllCookies on session 26a2d64f266870d89048638ab19500c7 to remote] http.wire 72 - http-outgoing-2 << "[\r][\n]"
05-25-2019 10:35:52 Wire.java DEBUG [Forwarding deleteAllCookies on session 26a2d64f266870d89048638ab19500c7 to remote] http.wire 86 - http-outgoing-2 << "{"sessionId":"26a2d64f266870d89048638ab19500c7","status":0,"value":null}"
05-25-2019 10:35:52 LoggingManagedHttpClientConnection.java DEBUG [Forwarding deleteAllCookies on session 26a2d64f266870d89048638ab19500c7 to remote] http.headers 113 - http-outgoing-2 << HTTP/1.1 200 OK
05-25-2019 10:35:52 LoggingManagedHttpClientConnection.java DEBUG [Forwarding deleteAllCookies on session 26a2d64f266870d89048638ab19500c7 to remote] http.headers 116 - http-outgoing-2 << Content-Length:72
05-25-2019 10:35:52 LoggingManagedHttpClientConnection.java DEBUG [Forwarding deleteAllCookies on session 26a2d64f266870d89048638ab19500c7 to remote] http.headers 116 - http-outgoing-2 << Content-Type:application/json; charset=utf-8
05-25-2019 10:35:52 MainClientExec.java DEBUG [Forwarding deleteAllCookies on session 26a2d64f266870d89048638ab19500c7 to remote] execchain.MainClientExec 267 - Connection can be kept alive indefinitely
05-25-2019 10:35:52 PoolingHttpClientConnectionManager.java DEBUG [Forwarding deleteAllCookies on session 26a2d64f266870d89048638ab19500c7 to remote] conn.PoolingHttpClientConnectionManager 281 - Connection [id: 2][route: {}->http://localhost:11892] can be kept alive indefinitely
05-25-2019 10:35:52 PoolingHttpClientConnectionManager.java DEBUG [Forwarding deleteAllCookies on session 26a2d64f266870d89048638ab19500c7 to remote] conn.PoolingHttpClientConnectionManager 287 - Connection released: [id: 2][route: {}->http://localhost:11892][total kept alive: 3; route allocated: 1 of 2000; total allocated: 3 of 2000]
05-25-2019 10:35:52 RequestAddCookies.java DEBUG [Forwarding setTimeout on session 26a2d64f266870d89048638ab19500c7 to remote] protocol.RequestAddCookies 122 - CookieSpec selected: best-match
05-25-2019 10:35:52 RequestAuthCache.java DEBUG [Forwarding setTimeout on session 26a2d64f266870d89048638ab19500c7 to remote] protocol.RequestAuthCache 75 - Auth cache not set in the context
05-25-2019 10:35:52 PoolingHttpClientConnectionManager.java DEBUG [Forwarding setTimeout on session 26a2d64f266870d89048638ab19500c7 to remote] conn.PoolingHttpClientConnectionManager 219 - Connection request: [route: {}->http://localhost:11892][total kept alive: 3; route allocated: 1 of 2000; total allocated: 3 of 2000]
05-25-2019 10:35:52 PoolingHttpClientConnectionManager.java DEBUG [Forwarding setTimeout on session 26a2d64f266870d89048638ab19500c7 to remote] conn.PoolingHttpClientConnectionManager 250 - Connection leased: [id: 2][route: {}->http://localhost:11892][total kept alive: 2; route allocated: 1 of 2000; total allocated: 3 of 2000]
05-25-2019 10:35:52 MainClientExec.java DEBUG [Forwarding setTimeout on session 26a2d64f266870d89048638ab19500c7 to remote] execchain.MainClientExec 190 - Stale connection check
05-25-2019 10:35:52 Wire.java DEBUG [Forwarding setTimeout on session 26a2d64f266870d89048638ab19500c7 to remote] http.wire 86 - http-outgoing-2 << "[read] I/O error: Read timed out"
05-25-2019 10:35:52 MainClientExec.java DEBUG [Forwarding setTimeout on session 26a2d64f266870d89048638ab19500c7 to remote] execchain.MainClientExec 238 - Executing request POST /session/26a2d64f266870d89048638ab19500c7/timeouts HTTP/1.1
05-25-2019 10:35:52 MainClientExec.java DEBUG [Forwarding setTimeout on session 26a2d64f266870d89048638ab19500c7 to remote] execchain.MainClientExec 243 - Target auth state: UNCHALLENGED
05-25-2019 10:35:52 MainClientExec.java DEBUG [Forwarding setTimeout on session 26a2d64f266870d89048638ab19500c7 to remote] execchain.MainClientExec 249 - Proxy auth state: UNCHALLENGED
05-25-2019 10:35:52 LoggingManagedHttpClientConnection.java DEBUG [Forwarding setTimeout on session 26a2d64f266870d89048638ab19500c7 to remote] http.headers 124 - http-outgoing-2 >> POST /session/26a2d64f266870d89048638ab19500c7/timeouts HTTP/1.1
05-25-2019 10:35:52 LoggingManagedHttpClientConnection.java DEBUG [Forwarding setTimeout on session 26a2d64f266870d89048638ab19500c7 to remote] http.headers 127 - http-outgoing-2 >> Content-Type: application/json; charset=utf-8
05-25-2019 10:35:52 LoggingManagedHttpClientConnection.java DEBUG [Forwarding setTimeout on session 26a2d64f266870d89048638ab19500c7 to remote] http.headers 127 - http-outgoing-2 >> Content-Length: 31
05-25-2019 10:35:52 LoggingManagedHttpClientConnection.java DEBUG [Forwarding setTimeout on session 26a2d64f266870d89048638ab19500c7 to remote] http.headers 127 - http-outgoing-2 >> Host: localhost:11892
05-25-2019 10:35:52 LoggingManagedHttpClientConnection.java DEBUG [Forwarding setTimeout on session 26a2d64f266870d89048638ab19500c7 to remote] http.headers 127 - http-outgoing-2 >> Connection: Keep-Alive
05-25-2019 10:35:52 LoggingManagedHttpClientConnection.java DEBUG [Forwarding setTimeout on session 26a2d64f266870d89048638ab19500c7 to remote] http.headers 127 - http-outgoing-2 >> User-Agent: Apache-HttpClient/4.3.6 (java 1.5)
05-25-2019 10:35:52 LoggingManagedHttpClientConnection.java DEBUG [Forwarding setTimeout on session 26a2d64f266870d89048638ab19500c7 to remote] http.headers 127 - http-outgoing-2 >> Accept-Encoding: gzip,deflate
05-25-2019 10:35:52 Wire.java DEBUG [Forwarding setTimeout on session 26a2d64f266870d89048638ab19500c7 to remote] http.wire 72 - http-outgoing-2 >> "POST /session/26a2d64f266870d89048638ab19500c7/timeouts HTTP/1.1[\r][\n]"
05-25-2019 10:35:52 Wire.java DEBUG [Forwarding setTimeout on session 26a2d64f266870d89048638ab19500c7 to remote] http.wire 72 - http-outgoing-2 >> "Content-Type: application/json; charset=utf-8[\r][\n]"
05-25-2019 10:35:52 Wire.java DEBUG [Forwarding setTimeout on session 26a2d64f266870d89048638ab19500c7 to remote] http.wire 72 - http-outgoing-2 >> "Content-Length: 31[\r][\n]"
05-25-2019 10:35:52 Wire.java DEBUG [Forwarding setTimeout on session 26a2d64f266870d89048638ab19500c7 to remote] http.wire 72 - http-outgoing-2 >> "Host: localhost:11892[\r][\n]"
05-25-2019 10:35:52 Wire.java DEBUG [Forwarding setTimeout on session 26a2d64f266870d89048638ab19500c7 to remote] http.wire 72 - http-outgoing-2 >> "Connection: Keep-Alive[\r][\n]"
05-25-2019 10:35:52 Wire.java DEBUG [Forwarding setTimeout on session 26a2d64f266870d89048638ab19500c7 to remote] http.wire 72 - http-outgoing-2 >> "User-Agent: Apache-HttpClient/4.3.6 (java 1.5)[\r][\n]"
05-25-2019 10:35:52 Wire.java DEBUG [Forwarding setTimeout on session 26a2d64f266870d89048638ab19500c7 to remote] http.wire 72 - http-outgoing-2 >> "Accept-Encoding: gzip,deflate[\r][\n]"
05-25-2019 10:35:52 Wire.java DEBUG [Forwarding setTimeout on session 26a2d64f266870d89048638ab19500c7 to remote] http.wire 72 - http-outgoing-2 >> "[\r][\n]"
05-25-2019 10:35:52 Wire.java DEBUG [Forwarding setTimeout on session 26a2d64f266870d89048638ab19500c7 to remote] http.wire 86 - http-outgoing-2 >> "{"type":"page load","ms":20000}"
05-25-2019 10:35:52 Wire.java DEBUG [Forwarding setTimeout on session 26a2d64f266870d89048638ab19500c7 to remote] http.wire 72 - http-outgoing-2 << "HTTP/1.1 200 OK[\r][\n]"
05-25-2019 10:35:52 Wire.java DEBUG [Forwarding setTimeout on session 26a2d64f266870d89048638ab19500c7 to remote] http.wire 72 - http-outgoing-2 << "Content-Length:72[\r][\n]"
05-25-2019 10:35:52 Wire.java DEBUG [Forwarding setTimeout on session 26a2d64f266870d89048638ab19500c7 to remote] http.wire 72 - http-outgoing-2 << "Content-Type:application/json; charset=utf-8[\r][\n]"
05-25-2019 10:35:52 Wire.java DEBUG [Forwarding setTimeout on session 26a2d64f266870d89048638ab19500c7 to remote] http.wire 72 - http-outgoing-2 << "[\r][\n]"
05-25-2019 10:35:52 Wire.java DEBUG [Forwarding setTimeout on session 26a2d64f266870d89048638ab19500c7 to remote] http.wire 86 - http-outgoing-2 << "{"sessionId":"26a2d64f266870d89048638ab19500c7","status":0,"value":null}"
05-25-2019 10:35:52 LoggingManagedHttpClientConnection.java DEBUG [Forwarding setTimeout on session 26a2d64f266870d89048638ab19500c7 to remote] http.headers 113 - http-outgoing-2 << HTTP/1.1 200 OK
05-25-2019 10:35:52 LoggingManagedHttpClientConnection.java DEBUG [Forwarding setTimeout on session 26a2d64f266870d89048638ab19500c7 to remote] http.headers 116 - http-outgoing-2 << Content-Length:72
05-25-2019 10:35:52 LoggingManagedHttpClientConnection.java DEBUG [Forwarding setTimeout on session 26a2d64f266870d89048638ab19500c7 to remote] http.headers 116 - http-outgoing-2 << Content-Type:application/json; charset=utf-8
05-25-2019 10:35:52 MainClientExec.java DEBUG [Forwarding setTimeout on session 26a2d64f266870d89048638ab19500c7 to remote] execchain.MainClientExec 267 - Connection can be kept alive indefinitely
05-25-2019 10:35:52 PoolingHttpClientConnectionManager.java DEBUG [Forwarding setTimeout on session 26a2d64f266870d89048638ab19500c7 to remote] conn.PoolingHttpClientConnectionManager 281 - Connection [id: 2][route: {}->http://localhost:11892] can be kept alive indefinitely
05-25-2019 10:35:52 PoolingHttpClientConnectionManager.java DEBUG [Forwarding setTimeout on session 26a2d64f266870d89048638ab19500c7 to remote] conn.PoolingHttpClientConnectionManager 287 - Connection released: [id: 2][route: {}->http://localhost:11892][total kept alive: 3; route allocated: 1 of 2000; total allocated: 3 of 2000]
05-25-2019 10:35:52 RequestAddCookies.java DEBUG [Forwarding implicitlyWait on session 26a2d64f266870d89048638ab19500c7 to remote] protocol.RequestAddCookies 122 - CookieSpec selected: best-match
05-25-2019 10:35:52 RequestAuthCache.java DEBUG [Forwarding implicitlyWait on session 26a2d64f266870d89048638ab19500c7 to remote] protocol.RequestAuthCache 75 - Auth cache not set in the context
05-25-2019 10:35:52 PoolingHttpClientConnectionManager.java DEBUG [Forwarding implicitlyWait on session 26a2d64f266870d89048638ab19500c7 to remote] conn.PoolingHttpClientConnectionManager 219 - Connection request: [route: {}->http://localhost:11892][total kept alive: 3; route allocated: 1 of 2000; total allocated: 3 of 2000]
05-25-2019 10:35:52 PoolingHttpClientConnectionManager.java DEBUG [Forwarding implicitlyWait on session 26a2d64f266870d89048638ab19500c7 to remote] conn.PoolingHttpClientConnectionManager 250 - Connection leased: [id: 2][route: {}->http://localhost:11892][total kept alive: 2; route allocated: 1 of 2000; total allocated: 3 of 2000]
05-25-2019 10:35:52 MainClientExec.java DEBUG [Forwarding implicitlyWait on session 26a2d64f266870d89048638ab19500c7 to remote] execchain.MainClientExec 190 - Stale connection check
05-25-2019 10:35:52 Wire.java DEBUG [Forwarding implicitlyWait on session 26a2d64f266870d89048638ab19500c7 to remote] http.wire 86 - http-outgoing-2 << "[read] I/O error: Read timed out"
05-25-2019 10:35:52 MainClientExec.java DEBUG [Forwarding implicitlyWait on session 26a2d64f266870d89048638ab19500c7 to remote] execchain.MainClientExec 238 - Executing request POST /session/26a2d64f266870d89048638ab19500c7/timeouts/implicit_wait HTTP/1.1
05-25-2019 10:35:52 MainClientExec.java DEBUG [Forwarding implicitlyWait on session 26a2d64f266870d89048638ab19500c7 to remote] execchain.MainClientExec 243 - Target auth state: UNCHALLENGED
05-25-2019 10:35:52 MainClientExec.java DEBUG [Forwarding implicitlyWait on session 26a2d64f266870d89048638ab19500c7 to remote] execchain.MainClientExec 249 - Proxy auth state: UNCHALLENGED
05-25-2019 10:35:52 LoggingManagedHttpClientConnection.java DEBUG [Forwarding implicitlyWait on session 26a2d64f266870d89048638ab19500c7 to remote] http.headers 124 - http-outgoing-2 >> POST /session/26a2d64f266870d89048638ab19500c7/timeouts/implicit_wait HTTP/1.1
05-25-2019 10:35:52 LoggingManagedHttpClientConnection.java DEBUG [Forwarding implicitlyWait on session 26a2d64f266870d89048638ab19500c7 to remote] http.headers 127 - http-outgoing-2 >> Content-Type: application/json; charset=utf-8
05-25-2019 10:35:52 LoggingManagedHttpClientConnection.java DEBUG [Forwarding implicitlyWait on session 26a2d64f266870d89048638ab19500c7 to remote] http.headers 127 - http-outgoing-2 >> Content-Length: 12
05-25-2019 10:35:52 LoggingManagedHttpClientConnection.java DEBUG [Forwarding implicitlyWait on session 26a2d64f266870d89048638ab19500c7 to remote] http.headers 127 - http-outgoing-2 >> Host: localhost:11892
05-25-2019 10:35:52 LoggingManagedHttpClientConnection.java DEBUG [Forwarding implicitlyWait on session 26a2d64f266870d89048638ab19500c7 to remote] http.headers 127 - http-outgoing-2 >> Connection: Keep-Alive
05-25-2019 10:35:52 LoggingManagedHttpClientConnection.java DEBUG [Forwarding implicitlyWait on session 26a2d64f266870d89048638ab19500c7 to remote] http.headers 127 - http-outgoing-2 >> User-Agent: Apache-HttpClient/4.3.6 (java 1.5)
05-25-2019 10:35:52 LoggingManagedHttpClientConnection.java DEBUG [Forwarding implicitlyWait on session 26a2d64f266870d89048638ab19500c7 to remote] http.headers 127 - http-outgoing-2 >> Accept-Encoding: gzip,deflate
05-25-2019 10:35:52 Wire.java DEBUG [Forwarding implicitlyWait on session 26a2d64f266870d89048638ab19500c7 to remote] http.wire 72 - http-outgoing-2 >> "POST /session/26a2d64f266870d89048638ab19500c7/timeouts/implicit_wait HTTP/1.1[\r][\n]"
05-25-2019 10:35:52 Wire.java DEBUG [Forwarding implicitlyWait on session 26a2d64f266870d89048638ab19500c7 to remote] http.wire 72 - http-outgoing-2 >> "Content-Type: application/json; charset=utf-8[\r][\n]"
05-25-2019 10:35:52 Wire.java DEBUG [Forwarding implicitlyWait on session 26a2d64f266870d89048638ab19500c7 to remote] http.wire 72 - http-outgoing-2 >> "Content-Length: 12[\r][\n]"
05-25-2019 10:35:52 Wire.java DEBUG [Forwarding implicitlyWait on session 26a2d64f266870d89048638ab19500c7 to remote] http.wire 72 - http-outgoing-2 >> "Host: localhost:11892[\r][\n]"
05-25-2019 10:35:52 Wire.java DEBUG [Forwarding implicitlyWait on session 26a2d64f266870d89048638ab19500c7 to remote] http.wire 72 - http-outgoing-2 >> "Connection: Keep-Alive[\r][\n]"
05-25-2019 10:35:52 Wire.java DEBUG [Forwarding implicitlyWait on session 26a2d64f266870d89048638ab19500c7 to remote] http.wire 72 - http-outgoing-2 >> "User-Agent: Apache-HttpClient/4.3.6 (java 1.5)[\r][\n]"
05-25-2019 10:35:52 Wire.java DEBUG [Forwarding implicitlyWait on session 26a2d64f266870d89048638ab19500c7 to remote] http.wire 72 - http-outgoing-2 >> "Accept-Encoding: gzip,deflate[\r][\n]"
05-25-2019 10:35:52 Wire.java DEBUG [Forwarding implicitlyWait on session 26a2d64f266870d89048638ab19500c7 to remote] http.wire 72 - http-outgoing-2 >> "[\r][\n]"
05-25-2019 10:35:52 Wire.java DEBUG [Forwarding implicitlyWait on session 26a2d64f266870d89048638ab19500c7 to remote] http.wire 86 - http-outgoing-2 >> "{"ms":20000}"
05-25-2019 10:35:52 Wire.java DEBUG [Forwarding implicitlyWait on session 26a2d64f266870d89048638ab19500c7 to remote] http.wire 72 - http-outgoing-2 << "HTTP/1.1 200 OK[\r][\n]"
05-25-2019 10:35:52 Wire.java DEBUG [Forwarding implicitlyWait on session 26a2d64f266870d89048638ab19500c7 to remote] http.wire 72 - http-outgoing-2 << "Content-Length:72[\r][\n]"
05-25-2019 10:35:52 Wire.java DEBUG [Forwarding implicitlyWait on session 26a2d64f266870d89048638ab19500c7 to remote] http.wire 72 - http-outgoing-2 << "Content-Type:application/json; charset=utf-8[\r][\n]"
05-25-2019 10:35:52 Wire.java DEBUG [Forwarding implicitlyWait on session 26a2d64f266870d89048638ab19500c7 to remote] http.wire 72 - http-outgoing-2 << "[\r][\n]"
05-25-2019 10:35:52 Wire.java DEBUG [Forwarding implicitlyWait on session 26a2d64f266870d89048638ab19500c7 to remote] http.wire 86 - http-outgoing-2 << "{"sessionId":"26a2d64f266870d89048638ab19500c7","status":0,"value":null}"
05-25-2019 10:35:52 LoggingManagedHttpClientConnection.java DEBUG [Forwarding implicitlyWait on session 26a2d64f266870d89048638ab19500c7 to remote] http.headers 113 - http-outgoing-2 << HTTP/1.1 200 OK
05-25-2019 10:35:52 LoggingManagedHttpClientConnection.java DEBUG [Forwarding implicitlyWait on session 26a2d64f266870d89048638ab19500c7 to remote] http.headers 116 - http-outgoing-2 << Content-Length:72
05-25-2019 10:35:52 LoggingManagedHttpClientConnection.java DEBUG [Forwarding implicitlyWait on session 26a2d64f266870d89048638ab19500c7 to remote] http.headers 116 - http-outgoing-2 << Content-Type:application/json; charset=utf-8
05-25-2019 10:35:52 MainClientExec.java DEBUG [Forwarding implicitlyWait on session 26a2d64f266870d89048638ab19500c7 to remote] execchain.MainClientExec 267 - Connection can be kept alive indefinitely
05-25-2019 10:35:52 PoolingHttpClientConnectionManager.java DEBUG [Forwarding implicitlyWait on session 26a2d64f266870d89048638ab19500c7 to remote] conn.PoolingHttpClientConnectionManager 281 - Connection [id: 2][route: {}->http://localhost:11892] can be kept alive indefinitely
05-25-2019 10:35:52 PoolingHttpClientConnectionManager.java DEBUG [Forwarding implicitlyWait on session 26a2d64f266870d89048638ab19500c7 to remote] conn.PoolingHttpClientConnectionManager 287 - Connection released: [id: 2][route: {}->http://localhost:11892][total kept alive: 3; route allocated: 1 of 2000; total allocated: 3 of 2000]
website launching...
05-25-2019 10:35:52 RequestAddCookies.java DEBUG [Forwarding get on session 26a2d64f266870d89048638ab19500c7 to remote] protocol.RequestAddCookies 122 - CookieSpec selected: best-match
05-25-2019 10:35:52 RequestAuthCache.java DEBUG [Forwarding get on session 26a2d64f266870d89048638ab19500c7 to remote] protocol.RequestAuthCache 75 - Auth cache not set in the context
05-25-2019 10:35:52 PoolingHttpClientConnectionManager.java DEBUG [Forwarding get on session 26a2d64f266870d89048638ab19500c7 to remote] conn.PoolingHttpClientConnectionManager 219 - Connection request: [route: {}->http://localhost:11892][total kept alive: 3; route allocated: 1 of 2000; total allocated: 3 of 2000]
05-25-2019 10:35:52 PoolingHttpClientConnectionManager.java DEBUG [Forwarding get on session 26a2d64f266870d89048638ab19500c7 to remote] conn.PoolingHttpClientConnectionManager 250 - Connection leased: [id: 2][route: {}->http://localhost:11892][total kept alive: 2; route allocated: 1 of 2000; total allocated: 3 of 2000]
05-25-2019 10:35:52 MainClientExec.java DEBUG [Forwarding get on session 26a2d64f266870d89048638ab19500c7 to remote] execchain.MainClientExec 190 - Stale connection check
05-25-2019 10:35:52 Wire.java DEBUG [Forwarding get on session 26a2d64f266870d89048638ab19500c7 to remote] http.wire 86 - http-outgoing-2 << "[read] I/O error: Read timed out"
05-25-2019 10:35:52 MainClientExec.java DEBUG [Forwarding get on session 26a2d64f266870d89048638ab19500c7 to remote] execchain.MainClientExec 238 - Executing request POST /session/26a2d64f266870d89048638ab19500c7/url HTTP/1.1
05-25-2019 10:35:52 MainClientExec.java DEBUG [Forwarding get on session 26a2d64f266870d89048638ab19500c7 to remote] execchain.MainClientExec 243 - Target auth state: UNCHALLENGED
05-25-2019 10:35:52 MainClientExec.java DEBUG [Forwarding get on session 26a2d64f266870d89048638ab19500c7 to remote] execchain.MainClientExec 249 - Proxy auth state: UNCHALLENGED
05-25-2019 10:35:52 LoggingManagedHttpClientConnection.java DEBUG [Forwarding get on session 26a2d64f266870d89048638ab19500c7 to remote] http.headers 124 - http-outgoing-2 >> POST /session/26a2d64f266870d89048638ab19500c7/url HTTP/1.1
05-25-2019 10:35:52 LoggingManagedHttpClientConnection.java DEBUG [Forwarding get on session 26a2d64f266870d89048638ab19500c7 to remote] http.headers 127 - http-outgoing-2 >> Content-Type: application/json; charset=utf-8
05-25-2019 10:35:52 LoggingManagedHttpClientConnection.java DEBUG [Forwarding get on session 26a2d64f266870d89048638ab19500c7 to remote] http.headers 127 - http-outgoing-2 >> Content-Length: 152
05-25-2019 10:35:52 LoggingManagedHttpClientConnection.java DEBUG [Forwarding get on session 26a2d64f266870d89048638ab19500c7 to remote] http.headers 127 - http-outgoing-2 >> Host: localhost:11892
05-25-2019 10:35:52 LoggingManagedHttpClientConnection.java DEBUG [Forwarding get on session 26a2d64f266870d89048638ab19500c7 to remote] http.headers 127 - http-outgoing-2 >> Connection: Keep-Alive
05-25-2019 10:35:52 LoggingManagedHttpClientConnection.java DEBUG [Forwarding get on session 26a2d64f266870d89048638ab19500c7 to remote] http.headers 127 - http-outgoing-2 >> User-Agent: Apache-HttpClient/4.3.6 (java 1.5)
05-25-2019 10:35:52 LoggingManagedHttpClientConnection.java DEBUG [Forwarding get on session 26a2d64f266870d89048638ab19500c7 to remote] http.headers 127 - http-outgoing-2 >> Accept-Encoding: gzip,deflate
05-25-2019 10:35:52 Wire.java DEBUG [Forwarding get on session 26a2d64f266870d89048638ab19500c7 to remote] http.wire 72 - http-outgoing-2 >> "POST /session/26a2d64f266870d89048638ab19500c7/url HTTP/1.1[\r][\n]"
05-25-2019 10:35:52 Wire.java DEBUG [Forwarding get on session 26a2d64f266870d89048638ab19500c7 to remote] http.wire 72 - http-outgoing-2 >> "Content-Type: application/json; charset=utf-8[\r][\n]"
05-25-2019 10:35:52 Wire.java DEBUG [Forwarding get on session 26a2d64f266870d89048638ab19500c7 to remote] http.wire 72 - http-outgoing-2 >> "Content-Length: 152[\r][\n]"
05-25-2019 10:35:52 Wire.java DEBUG [Forwarding get on session 26a2d64f266870d89048638ab19500c7 to remote] http.wire 72 - http-outgoing-2 >> "Host: localhost:11892[\r][\n]"
05-25-2019 10:35:52 Wire.java DEBUG [Forwarding get on session 26a2d64f266870d89048638ab19500c7 to remote] http.wire 72 - http-outgoing-2 >> "Connection: Keep-Alive[\r][\n]"
05-25-2019 10:35:52 Wire.java DEBUG [Forwarding get on session 26a2d64f266870d89048638ab19500c7 to remote] http.wire 72 - http-outgoing-2 >> "User-Agent: Apache-HttpClient/4.3.6 (java 1.5)[\r][\n]"
05-25-2019 10:35:52 Wire.java DEBUG [Forwarding get on session 26a2d64f266870d89048638ab19500c7 to remote] http.wire 72 - http-outgoing-2 >> "Accept-Encoding: gzip,deflate[\r][\n]"
05-25-2019 10:35:52 Wire.java DEBUG [Forwarding get on session 26a2d64f266870d89048638ab19500c7 to remote] http.wire 72 - http-outgoing-2 >> "[\r][\n]"
05-25-2019 10:35:52 Wire.java DEBUG [Forwarding get on session 26a2d64f266870d89048638ab19500c7 to remote] http.wire 86 - http-outgoing-2 >> "{"url":"https://javaclassesinpune.com/projects/shopcart/admin123/index.php?controller\u003dAdminLogin\u0026token\u003d22e58b7a4c2a987f7d1bdb59de85c22f"}"
05-25-2019 10:35:58 Wire.java DEBUG [Forwarding get on session 26a2d64f266870d89048638ab19500c7 to remote] http.wire 72 - http-outgoing-2 << "HTTP/1.1 200 OK[\r][\n]"
05-25-2019 10:35:58 Wire.java DEBUG [Forwarding get on session 26a2d64f266870d89048638ab19500c7 to remote] http.wire 72 - http-outgoing-2 << "Content-Length:72[\r][\n]"
05-25-2019 10:35:58 Wire.java DEBUG [Forwarding get on session 26a2d64f266870d89048638ab19500c7 to remote] http.wire 72 - http-outgoing-2 << "Content-Type:application/json; charset=utf-8[\r][\n]"
05-25-2019 10:35:58 Wire.java DEBUG [Forwarding get on session 26a2d64f266870d89048638ab19500c7 to remote] http.wire 72 - http-outgoing-2 << "[\r][\n]"
05-25-2019 10:35:58 Wire.java DEBUG [Forwarding get on session 26a2d64f266870d89048638ab19500c7 to remote] http.wire 86 - http-outgoing-2 << "{"sessionId":"26a2d64f266870d89048638ab19500c7","status":0,"value":null}"
05-25-2019 10:35:58 LoggingManagedHttpClientConnection.java DEBUG [Forwarding get on session 26a2d64f266870d89048638ab19500c7 to remote] http.headers 113 - http-outgoing-2 << HTTP/1.1 200 OK
05-25-2019 10:35:58 LoggingManagedHttpClientConnection.java DEBUG [Forwarding get on session 26a2d64f266870d89048638ab19500c7 to remote] http.headers 116 - http-outgoing-2 << Content-Length:72
05-25-2019 10:35:58 LoggingManagedHttpClientConnection.java DEBUG [Forwarding get on session 26a2d64f266870d89048638ab19500c7 to remote] http.headers 116 - http-outgoing-2 << Content-Type:application/json; charset=utf-8
05-25-2019 10:35:58 MainClientExec.java DEBUG [Forwarding get on session 26a2d64f266870d89048638ab19500c7 to remote] execchain.MainClientExec 267 - Connection can be kept alive indefinitely
05-25-2019 10:35:58 PoolingHttpClientConnectionManager.java DEBUG [Forwarding get on session 26a2d64f266870d89048638ab19500c7 to remote] conn.PoolingHttpClientConnectionManager 281 - Connection [id: 2][route: {}->http://localhost:11892] can be kept alive indefinitely
05-25-2019 10:35:58 PoolingHttpClientConnectionManager.java DEBUG [Forwarding get on session 26a2d64f266870d89048638ab19500c7 to remote] conn.PoolingHttpClientConnectionManager 287 - Connection released: [id: 2][route: {}->http://localhost:11892][total kept alive: 3; route allocated: 1 of 2000; total allocated: 3 of 2000]
05-25-2019 10:35:58 RequestAddCookies.java DEBUG [Forwarding findElement on session 26a2d64f266870d89048638ab19500c7 to remote] protocol.RequestAddCookies 122 - CookieSpec selected: best-match
05-25-2019 10:35:58 RequestAuthCache.java DEBUG [Forwarding findElement on session 26a2d64f266870d89048638ab19500c7 to remote] protocol.RequestAuthCache 75 - Auth cache not set in the context
05-25-2019 10:35:58 PoolingHttpClientConnectionManager.java DEBUG [Forwarding findElement on session 26a2d64f266870d89048638ab19500c7 to remote] conn.PoolingHttpClientConnectionManager 219 - Connection request: [route: {}->http://localhost:11892][total kept alive: 3; route allocated: 1 of 2000; total allocated: 3 of 2000]
05-25-2019 10:35:58 PoolingHttpClientConnectionManager.java DEBUG [Forwarding findElement on session 26a2d64f266870d89048638ab19500c7 to remote] conn.PoolingHttpClientConnectionManager 250 - Connection leased: [id: 2][route: {}->http://localhost:11892][total kept alive: 2; route allocated: 1 of 2000; total allocated: 3 of 2000]
05-25-2019 10:35:58 MainClientExec.java DEBUG [Forwarding findElement on session 26a2d64f266870d89048638ab19500c7 to remote] execchain.MainClientExec 190 - Stale connection check
05-25-2019 10:35:58 Wire.java DEBUG [Forwarding findElement on session 26a2d64f266870d89048638ab19500c7 to remote] http.wire 86 - http-outgoing-2 << "[read] I/O error: Read timed out"
05-25-2019 10:35:58 MainClientExec.java DEBUG [Forwarding findElement on session 26a2d64f266870d89048638ab19500c7 to remote] execchain.MainClientExec 238 - Executing request POST /session/26a2d64f266870d89048638ab19500c7/element HTTP/1.1
05-25-2019 10:35:58 MainClientExec.java DEBUG [Forwarding findElement on session 26a2d64f266870d89048638ab19500c7 to remote] execchain.MainClientExec 243 - Target auth state: UNCHALLENGED
05-25-2019 10:35:58 MainClientExec.java DEBUG [Forwarding findElement on session 26a2d64f266870d89048638ab19500c7 to remote] execchain.MainClientExec 249 - Proxy auth state: UNCHALLENGED
05-25-2019 10:35:58 LoggingManagedHttpClientConnection.java DEBUG [Forwarding findElement on session 26a2d64f266870d89048638ab19500c7 to remote] http.headers 124 - http-outgoing-2 >> POST /session/26a2d64f266870d89048638ab19500c7/element HTTP/1.1
05-25-2019 10:35:58 LoggingManagedHttpClientConnection.java DEBUG [Forwarding findElement on session 26a2d64f266870d89048638ab19500c7 to remote] http.headers 127 - http-outgoing-2 >> Content-Type: application/json; charset=utf-8
05-25-2019 10:35:58 LoggingManagedHttpClientConnection.java DEBUG [Forwarding findElement on session 26a2d64f266870d89048638ab19500c7 to remote] http.headers 127 - http-outgoing-2 >> Content-Length: 63
05-25-2019 10:35:58 LoggingManagedHttpClientConnection.java DEBUG [Forwarding findElement on session 26a2d64f266870d89048638ab19500c7 to remote] http.headers 127 - http-outgoing-2 >> Host: localhost:11892
05-25-2019 10:35:58 LoggingManagedHttpClientConnection.java DEBUG [Forwarding findElement on session 26a2d64f266870d89048638ab19500c7 to remote] http.headers 127 - http-outgoing-2 >> Connection: Keep-Alive
05-25-2019 10:35:58 LoggingManagedHttpClientConnection.java DEBUG [Forwarding findElement on session 26a2d64f266870d89048638ab19500c7 to remote] http.headers 127 - http-outgoing-2 >> User-Agent: Apache-HttpClient/4.3.6 (java 1.5)
05-25-2019 10:35:58 LoggingManagedHttpClientConnection.java DEBUG [Forwarding findElement on session 26a2d64f266870d89048638ab19500c7 to remote] http.headers 127 - http-outgoing-2 >> Accept-Encoding: gzip,deflate
05-25-2019 10:35:58 Wire.java DEBUG [Forwarding findElement on session 26a2d64f266870d89048638ab19500c7 to remote] http.wire 72 - http-outgoing-2 >> "POST /session/26a2d64f266870d89048638ab19500c7/element HTTP/1.1[\r][\n]"
05-25-2019 10:35:58 Wire.java DEBUG [Forwarding findElement on session 26a2d64f266870d89048638ab19500c7 to remote] http.wire 72 - http-outgoing-2 >> "Content-Type: application/json; charset=utf-8[\r][\n]"
05-25-2019 10:35:58 Wire.java DEBUG [Forwarding findElement on session 26a2d64f266870d89048638ab19500c7 to remote] http.wire 72 - http-outgoing-2 >> "Content-Length: 63[\r][\n]"
05-25-2019 10:35:58 Wire.java DEBUG [Forwarding findElement on session 26a2d64f266870d89048638ab19500c7 to remote] http.wire 72 - http-outgoing-2 >> "Host: localhost:11892[\r][\n]"
05-25-2019 10:35:58 Wire.java DEBUG [Forwarding findElement on session 26a2d64f266870d89048638ab19500c7 to remote] http.wire 72 - http-outgoing-2 >> "Connection: Keep-Alive[\r][\n]"
05-25-2019 10:35:58 Wire.java DEBUG [Forwarding findElement on session 26a2d64f266870d89048638ab19500c7 to remote] http.wire 72 - http-outgoing-2 >> "User-Agent: Apache-HttpClient/4.3.6 (java 1.5)[\r][\n]"
05-25-2019 10:35:58 Wire.java DEBUG [Forwarding findElement on session 26a2d64f266870d89048638ab19500c7 to remote] http.wire 72 - http-outgoing-2 >> "Accept-Encoding: gzip,deflate[\r][\n]"
05-25-2019 10:35:58 Wire.java DEBUG [Forwarding findElement on session 26a2d64f266870d89048638ab19500c7 to remote] http.wire 72 - http-outgoing-2 >> "[\r][\n]"
05-25-2019 10:35:58 Wire.java DEBUG [Forwarding findElement on session 26a2d64f266870d89048638ab19500c7 to remote] http.wire 86 - http-outgoing-2 >> "{"using":"xpath","value":"//input[@id\u003d\u0027email\u0027]"}"
05-25-2019 10:36:04 Wire.java DEBUG [Forwarding findElement on session 26a2d64f266870d89048638ab19500c7 to remote] http.wire 72 - http-outgoing-2 << "HTTP/1.1 200 OK[\r][\n]"
05-25-2019 10:36:04 Wire.java DEBUG [Forwarding findElement on session 26a2d64f266870d89048638ab19500c7 to remote] http.wire 72 - http-outgoing-2 << "Content-Length:270[\r][\n]"
05-25-2019 10:36:04 Wire.java DEBUG [Forwarding findElement on session 26a2d64f266870d89048638ab19500c7 to remote] http.wire 72 - http-outgoing-2 << "Content-Type:application/json; charset=utf-8[\r][\n]"
05-25-2019 10:36:04 Wire.java DEBUG [Forwarding findElement on session 26a2d64f266870d89048638ab19500c7 to remote] http.wire 72 - http-outgoing-2 << "[\r][\n]"
05-25-2019 10:36:04 Wire.java DEBUG [Forwarding findElement on session 26a2d64f266870d89048638ab19500c7 to remote] http.wire 86 - http-outgoing-2 << "{"sessionId":"26a2d64f266870d89048638ab19500c7","status":100,"value":{"message":"chrome not reachable\n  (Session info: chrome=74.0.3729.169)\n  (Driver info: chromedriver=2.46.628402 (536cd7adbad73a3783fdc2cab92ab2ba7ec361e1),platform=Windows NT 6.1.7601 SP1 x86_64)"}}"
05-25-2019 10:36:04 LoggingManagedHttpClientConnection.java DEBUG [Forwarding findElement on session 26a2d64f266870d89048638ab19500c7 to remote] http.headers 113 - http-outgoing-2 << HTTP/1.1 200 OK
05-25-2019 10:36:04 LoggingManagedHttpClientConnection.java DEBUG [Forwarding findElement on session 26a2d64f266870d89048638ab19500c7 to remote] http.headers 116 - http-outgoing-2 << Content-Length:270
05-25-2019 10:36:04 LoggingManagedHttpClientConnection.java DEBUG [Forwarding findElement on session 26a2d64f266870d89048638ab19500c7 to remote] http.headers 116 - http-outgoing-2 << Content-Type:application/json; charset=utf-8
05-25-2019 10:36:04 MainClientExec.java DEBUG [Forwarding findElement on session 26a2d64f266870d89048638ab19500c7 to remote] execchain.MainClientExec 267 - Connection can be kept alive indefinitely
05-25-2019 10:36:04 PoolingHttpClientConnectionManager.java DEBUG [Forwarding findElement on session 26a2d64f266870d89048638ab19500c7 to remote] conn.PoolingHttpClientConnectionManager 281 - Connection [id: 2][route: {}->http://localhost:11892] can be kept alive indefinitely
05-25-2019 10:36:04 PoolingHttpClientConnectionManager.java DEBUG [Forwarding findElement on session 26a2d64f266870d89048638ab19500c7 to remote] conn.PoolingHttpClientConnectionManager 287 - Connection released: [id: 2][route: {}->http://localhost:11892][total kept alive: 3; route allocated: 1 of 2000; total allocated: 3 of 2000]
]]></system-out>
    <system-err><![CDATA[Starting ChromeDriver 2.46.628402 (536cd7adbad73a3783fdc2cab92ab2ba7ec361e1) on port 11892
Only local connections are allowed.
Please protect ports used by ChromeDriver and related test frameworks to prevent access by malicious code.
[1558760756.081][SEVERE]: Unable to receive message from renderer
[1558760760.142][WARNING]: Timed out connecting to Chrome, retrying...
]]></system-err>
  </testcase>
  <testcase name="setUp" classname="com.qa.testcases.DashBoardPageTest" time="0">
    <skipped/>
  </testcase>
  <testcase name="setUp" classname="com.qa.testcases.DashBoardPageTest" time="0">
    <skipped/>
  </testcase>
  <testcase name="setUp" classname="com.qa.testcases.DashBoardPageTest" time="0">
    <skipped/>
  </testcase>
  <testcase name="setUp" classname="com.qa.testcases.DashBoardPageTest" time="0">
    <skipped/>
  </testcase>
  <testcase name="setUp" classname="com.qa.testcases.DashBoardPageTest" time="0">
    <skipped/>
  </testcase>
  <testcase name="setUp" classname="com.qa.testcases.DashBoardPageTest" time="0">
    <skipped/>
  </testcase>
  <testcase name="setUp" classname="com.qa.testcases.DashBoardPageTest" time="0">
    <skipped/>
  </testcase>
  <testcase name="setUp" classname="com.qa.testcases.DashBoardPageTest" time="0">
    <skipped/>
  </testcase>
  <testcase name="setUp" classname="com.qa.testcases.DashBoardPageTest" time="0">
    <skipped/>
  </testcase>
  <testcase name="setUp" classname="com.qa.testcases.DashBoardPageTest" time="0">
    <skipped/>
  </testcase>
  <testcase name="setUp" classname="com.qa.testcases.DashBoardPageTest" time="0">
    <skipped/>
  </testcase>
  <testcase name="setUp" classname="com.qa.testcases.DashBoardPageTest" time="0">
    <skipped/>
  </testcase>
  <testcase name="setUp" classname="com.qa.testcases.DashBoardPageTest" time="0">
    <skipped/>
  </testcase>
  <testcase name="setUp" classname="com.qa.testcases.DashBoardPageTest" time="0">
    <skipped/>
  </testcase>
  <testcase name="setUp" classname="com.qa.testcases.DashBoardPageTest" time="0">
    <skipped/>
  </testcase>
  <testcase name="setUp" classname="com.qa.testcases.DashBoardPageTest" time="0">
    <skipped/>
  </testcase>
  <testcase name="setUp" classname="com.qa.testcases.DashBoardPageTest" time="0">
    <skipped/>
  </testcase>
  <testcase name="setUp" classname="com.qa.testcases.DashBoardPageTest" time="0">
    <skipped/>
  </testcase>
  <testcase name="setUp" classname="com.qa.testcases.DashBoardPageTest" time="0">
    <skipped/>
  </testcase>
  <testcase name="setUp" classname="com.qa.testcases.DashBoardPageTest" time="0">
    <skipped/>
  </testcase>
  <testcase name="setUp" classname="com.qa.testcases.DashBoardPageTest" time="0">
    <skipped/>
  </testcase>
  <testcase name="setUp" classname="com.qa.testcases.DashBoardPageTest" time="0">
    <skipped/>
  </testcase>
  <testcase name="setUp" classname="com.qa.testcases.DashBoardPageTest" time="0">
    <skipped/>
  </testcase>
  <testcase name="setUp" classname="com.qa.testcases.DashBoardPageTest" time="0">
    <skipped/>
  </testcase>
  <testcase name="setUp" classname="com.qa.testcases.DashBoardPageTest" time="0">
    <skipped/>
  </testcase>
  <testcase name="setUp" classname="com.qa.testcases.DashBoardPageTest" time="0">
    <skipped/>
  </testcase>
  <testcase name="setUp" classname="com.qa.testcases.DashBoardPageTest" time="0">
    <skipped/>
  </testcase>
  <testcase name="setUp" classname="com.qa.testcases.DashBoardPageTest" time="0">
    <skipped/>
  </testcase>
  <testcase name="setUp" classname="com.qa.testcases.DashBoardPageTest" time="0">
    <skipped/>
  </testcase>
  <testcase name="setUp" classname="com.qa.testcases.DashBoardPageTest" time="0">
    <skipped/>
  </testcase>
  <testcase name="setUp" classname="com.qa.testcases.DashBoardPageTest" time="0">
    <skipped/>
  </testcase>
  <testcase name="setUp" classname="com.qa.testcases.DashBoardPageTest" time="0">
    <skipped/>
  </testcase>
  <testcase name="setUp" classname="com.qa.testcases.DashBoardPageTest" time="0">
    <skipped/>
  </testcase>
  <testcase name="setUp" classname="com.qa.testcases.DashBoardPageTest" time="0">
    <skipped/>
  </testcase>
  <testcase name="setUp" classname="com.qa.testcases.DashBoardPageTest" time="0">
    <skipped/>
  </testcase>
  <testcase name="setUp" classname="com.qa.testcases.DashBoardPageTest" time="0">
    <skipped/>
  </testcase>
  <testcase name="setUp" classname="com.qa.testcases.DashBoardPageTest" time="0">
    <skipped/>
  </testcase>
  <testcase name="validateTitleofDashboard" classname="com.qa.testcases.DashBoardPageTest" time="0">
    <skipped/>
  </testcase>
  <testcase name="tearDown" classname="com.qa.testcases.DashBoardPageTest" time="0">
    <skipped/>
  </testcase>
  <testcase name="tearDown" classname="com.qa.testcases.DashBoardPageTest" time="0">
    <skipped/>
  </testcase>
  <testcase name="tearDown" classname="com.qa.testcases.DashBoardPageTest" time="0">
    <skipped/>
  </testcase>
  <testcase name="tearDown" classname="com.qa.testcases.DashBoardPageTest" time="0">
    <skipped/>
  </testcase>
  <testcase name="tearDown" classname="com.qa.testcases.DashBoardPageTest" time="0">
    <skipped/>
  </testcase>
  <testcase name="tearDown" classname="com.qa.testcases.DashBoardPageTest" time="0">
    <skipped/>
  </testcase>
  <testcase name="tearDown" classname="com.qa.testcases.DashBoardPageTest" time="0">
    <skipped/>
  </testcase>
  <testcase name="tearDown" classname="com.qa.testcases.DashBoardPageTest" time="0">
    <skipped/>
  </testcase>
  <testcase name="tearDown" classname="com.qa.testcases.DashBoardPageTest" time="0">
    <skipped/>
  </testcase>
  <testcase name="tearDown" classname="com.qa.testcases.DashBoardPageTest" time="0">
    <skipped/>
  </testcase>
  <testcase name="tearDown" classname="com.qa.testcases.DashBoardPageTest" time="0">
    <skipped/>
  </testcase>
  <testcase name="tearDown" classname="com.qa.testcases.DashBoardPageTest" time="0">
    <skipped/>
  </testcase>
  <testcase name="tearDown" classname="com.qa.testcases.DashBoardPageTest" time="0">
    <skipped/>
  </testcase>
  <testcase name="tearDown" classname="com.qa.testcases.DashBoardPageTest" time="0">
    <skipped/>
  </testcase>
  <testcase name="tearDown" classname="com.qa.testcases.DashBoardPageTest" time="0">
    <skipped/>
  </testcase>
  <testcase name="tearDown" classname="com.qa.testcases.DashBoardPageTest" time="0">
    <skipped/>
  </testcase>
  <testcase name="tearDown" classname="com.qa.testcases.DashBoardPageTest" time="0">
    <skipped/>
  </testcase>
  <testcase name="tearDown" classname="com.qa.testcases.DashBoardPageTest" time="0">
    <skipped/>
  </testcase>
  <testcase name="tearDown" classname="com.qa.testcases.DashBoardPageTest" time="0">
    <skipped/>
  </testcase>
  <testcase name="tearDown" classname="com.qa.testcases.DashBoardPageTest" time="0">
    <skipped/>
  </testcase>
  <testcase name="tearDown" classname="com.qa.testcases.DashBoardPageTest" time="0">
    <skipped/>
  </testcase>
  <testcase name="tearDown" classname="com.qa.testcases.DashBoardPageTest" time="0">
    <skipped/>
  </testcase>
  <testcase name="tearDown" classname="com.qa.testcases.DashBoardPageTest" time="0">
    <skipped/>
  </testcase>
  <testcase name="tearDown" classname="com.qa.testcases.DashBoardPageTest" time="0">
    <skipped/>
  </testcase>
  <testcase name="tearDown" classname="com.qa.testcases.DashBoardPageTest" time="0">
    <skipped/>
  </testcase>
  <testcase name="tearDown" classname="com.qa.testcases.DashBoardPageTest" time="0">
    <skipped/>
  </testcase>
  <testcase name="tearDown" classname="com.qa.testcases.DashBoardPageTest" time="0">
    <skipped/>
  </testcase>
  <testcase name="tearDown" classname="com.qa.testcases.DashBoardPageTest" time="0">
    <skipped/>
  </testcase>
  <testcase name="tearDown" classname="com.qa.testcases.DashBoardPageTest" time="0">
    <skipped/>
  </testcase>
  <testcase name="tearDown" classname="com.qa.testcases.DashBoardPageTest" time="0">
    <skipped/>
  </testcase>
  <testcase name="tearDown" classname="com.qa.testcases.DashBoardPageTest" time="0">
    <skipped/>
  </testcase>
  <testcase name="tearDown" classname="com.qa.testcases.DashBoardPageTest" time="0">
    <skipped/>
  </testcase>
  <testcase name="tearDown" classname="com.qa.testcases.DashBoardPageTest" time="0">
    <skipped/>
  </testcase>
  <testcase name="tearDown" classname="com.qa.testcases.DashBoardPageTest" time="0">
    <skipped/>
  </testcase>
  <testcase name="tearDown" classname="com.qa.testcases.DashBoardPageTest" time="0">
    <skipped/>
  </testcase>
  <testcase name="tearDown" classname="com.qa.testcases.DashBoardPageTest" time="0">
    <skipped/>
  </testcase>
  <testcase name="tearDown" classname="com.qa.testcases.DashBoardPageTest" time="0">
    <skipped/>
  </testcase>
  <testcase name="tearDown" classname="com.qa.testcases.DashBoardPageTest" time="0">
    <skipped/>
  </testcase>
  <testcase name="setup" classname="com.qa.testcases.AddNewPageTest" time="4.622">
    <failure message="session not created&#10;from disconnected: received Inspector.detached event&#10;  (Session info: chrome=74.0.3729.169)&#10;  (Driver info: chromedriver=2.46.628402 (536cd7adbad73a3783fdc2cab92ab2ba7ec361e1),platform=Windows NT 6.1.7601 SP1 x86_64) (WARNING: The server did not provide any stacktrace information)&#10;Command duration or timeout: 3.50 seconds&#10;Build info: version: &apos;2.45.0&apos;, revision: &apos;5017cb8e7ca8e37638dc3091b2440b90a1d8686f&apos;, time: &apos;2015-02-27 09:10:26&apos;&#10;System info: host: &apos;Priyanka_Acer&apos;, ip: &apos;192.168.43.180&apos;, os.name: &apos;Windows 7&apos;, os.arch: &apos;amd64&apos;, os.version: &apos;6.1&apos;, java.version: &apos;1.8.0_191&apos;&#10;Driver info: org.openqa.selenium.chrome.ChromeDriver" type="org.openqa.selenium.SessionNotCreatedException">org.openqa.selenium.SessionNotCreatedException: 
session not created
from disconnected: received Inspector.detached event
  (Session info: chrome=74.0.3729.169)
  (Driver info: chromedriver=2.46.628402 (536cd7adbad73a3783fdc2cab92ab2ba7ec361e1),platform=Windows NT 6.1.7601 SP1 x86_64) (WARNING: The server did not provide any stacktrace information)
Command duration or timeout: 3.50 seconds
Build info: version: '2.45.0', revision: '5017cb8e7ca8e37638dc3091b2440b90a1d8686f', time: '2015-02-27 09:10:26'
System info: host: 'Priyanka_Acer', ip: '192.168.43.180', os.name: 'Windows 7', os.arch: 'amd64', os.version: '6.1', java.version: '1.8.0_191'
Driver info: org.openqa.selenium.chrome.ChromeDriver
	at com.qa.testcases.AddNewPageTest.setup(AddNewPageTest.java:27)
</failure>
    <system-out><![CDATA[initing....
drivr launching...
05-25-2019 10:36:05 RequestAddCookies.java DEBUG [Forwarding newSession on session null to remote] protocol.RequestAddCookies 122 - CookieSpec selected: best-match
05-25-2019 10:36:05 RequestAuthCache.java DEBUG [Forwarding newSession on session null to remote] protocol.RequestAuthCache 75 - Auth cache not set in the context
05-25-2019 10:36:05 PoolingHttpClientConnectionManager.java DEBUG [Forwarding newSession on session null to remote] conn.PoolingHttpClientConnectionManager 219 - Connection request: [route: {}->http://localhost:2665][total kept alive: 3; route allocated: 0 of 2000; total allocated: 3 of 2000]
05-25-2019 10:36:05 PoolingHttpClientConnectionManager.java DEBUG [Forwarding newSession on session null to remote] conn.PoolingHttpClientConnectionManager 250 - Connection leased: [id: 3][route: {}->http://localhost:2665][total kept alive: 3; route allocated: 1 of 2000; total allocated: 4 of 2000]
05-25-2019 10:36:05 MainClientExec.java DEBUG [Forwarding newSession on session null to remote] execchain.MainClientExec 217 - Opening connection {}->http://localhost:2665
05-25-2019 10:36:05 HttpClientConnectionOperator.java DEBUG [Forwarding newSession on session null to remote] conn.HttpClientConnectionOperator 122 - Connecting to localhost/127.0.0.1:2665
05-25-2019 10:36:05 HttpClientConnectionOperator.java DEBUG [Forwarding newSession on session null to remote] conn.HttpClientConnectionOperator 129 - Connection established 127.0.0.1:59969<->127.0.0.1:2665
05-25-2019 10:36:05 MainClientExec.java DEBUG [Forwarding newSession on session null to remote] execchain.MainClientExec 238 - Executing request POST /session HTTP/1.1
05-25-2019 10:36:05 MainClientExec.java DEBUG [Forwarding newSession on session null to remote] execchain.MainClientExec 243 - Target auth state: UNCHALLENGED
05-25-2019 10:36:05 MainClientExec.java DEBUG [Forwarding newSession on session null to remote] execchain.MainClientExec 249 - Proxy auth state: UNCHALLENGED
05-25-2019 10:36:05 LoggingManagedHttpClientConnection.java DEBUG [Forwarding newSession on session null to remote] http.headers 124 - http-outgoing-3 >> POST /session HTTP/1.1
05-25-2019 10:36:05 LoggingManagedHttpClientConnection.java DEBUG [Forwarding newSession on session null to remote] http.headers 127 - http-outgoing-3 >> Content-Type: application/json; charset=utf-8
05-25-2019 10:36:05 LoggingManagedHttpClientConnection.java DEBUG [Forwarding newSession on session null to remote] http.headers 127 - http-outgoing-3 >> Content-Length: 122
05-25-2019 10:36:05 LoggingManagedHttpClientConnection.java DEBUG [Forwarding newSession on session null to remote] http.headers 127 - http-outgoing-3 >> Host: localhost:2665
05-25-2019 10:36:05 LoggingManagedHttpClientConnection.java DEBUG [Forwarding newSession on session null to remote] http.headers 127 - http-outgoing-3 >> Connection: Keep-Alive
05-25-2019 10:36:05 LoggingManagedHttpClientConnection.java DEBUG [Forwarding newSession on session null to remote] http.headers 127 - http-outgoing-3 >> User-Agent: Apache-HttpClient/4.3.6 (java 1.5)
05-25-2019 10:36:05 LoggingManagedHttpClientConnection.java DEBUG [Forwarding newSession on session null to remote] http.headers 127 - http-outgoing-3 >> Accept-Encoding: gzip,deflate
05-25-2019 10:36:05 Wire.java DEBUG [Forwarding newSession on session null to remote] http.wire 72 - http-outgoing-3 >> "POST /session HTTP/1.1[\r][\n]"
05-25-2019 10:36:05 Wire.java DEBUG [Forwarding newSession on session null to remote] http.wire 72 - http-outgoing-3 >> "Content-Type: application/json; charset=utf-8[\r][\n]"
05-25-2019 10:36:05 Wire.java DEBUG [Forwarding newSession on session null to remote] http.wire 72 - http-outgoing-3 >> "Content-Length: 122[\r][\n]"
05-25-2019 10:36:05 Wire.java DEBUG [Forwarding newSession on session null to remote] http.wire 72 - http-outgoing-3 >> "Host: localhost:2665[\r][\n]"
05-25-2019 10:36:05 Wire.java DEBUG [Forwarding newSession on session null to remote] http.wire 72 - http-outgoing-3 >> "Connection: Keep-Alive[\r][\n]"
05-25-2019 10:36:05 Wire.java DEBUG [Forwarding newSession on session null to remote] http.wire 72 - http-outgoing-3 >> "User-Agent: Apache-HttpClient/4.3.6 (java 1.5)[\r][\n]"
05-25-2019 10:36:05 Wire.java DEBUG [Forwarding newSession on session null to remote] http.wire 72 - http-outgoing-3 >> "Accept-Encoding: gzip,deflate[\r][\n]"
05-25-2019 10:36:05 Wire.java DEBUG [Forwarding newSession on session null to remote] http.wire 72 - http-outgoing-3 >> "[\r][\n]"
05-25-2019 10:36:05 Wire.java DEBUG [Forwarding newSession on session null to remote] http.wire 86 - http-outgoing-3 >> "{"desiredCapabilities":{"browserName":"chrome","chromeOptions":{"args":[],"extensions":[]},"version":"","platform":"ANY"}}"
05-25-2019 10:36:07 Wire.java DEBUG [Forwarding newSession on session null to remote] http.wire 72 - http-outgoing-3 << "HTTP/1.1 200 OK[\r][\n]"
05-25-2019 10:36:07 Wire.java DEBUG [Forwarding newSession on session null to remote] http.wire 72 - http-outgoing-3 << "Content-Length:322[\r][\n]"
05-25-2019 10:36:07 Wire.java DEBUG [Forwarding newSession on session null to remote] http.wire 72 - http-outgoing-3 << "Content-Type:application/json; charset=utf-8[\r][\n]"
05-25-2019 10:36:07 Wire.java DEBUG [Forwarding newSession on session null to remote] http.wire 72 - http-outgoing-3 << "[\r][\n]"
05-25-2019 10:36:07 Wire.java DEBUG [Forwarding newSession on session null to remote] http.wire 86 - http-outgoing-3 << "{"sessionId":"128ae437ee88f5940efffa3b5e842727","status":33,"value":{"message":"session not created\nfrom disconnected: received Inspector.detached event\n  (Session info: chrome=74.0.3729.169)\n  (Driver info: chromedriver=2.46.628402 (536cd7adbad73a3783fdc2cab92ab2ba7ec361e1),platform=Windows NT 6.1.7601 SP1 x86_64)"}}"
05-25-2019 10:36:07 LoggingManagedHttpClientConnection.java DEBUG [Forwarding newSession on session null to remote] http.headers 113 - http-outgoing-3 << HTTP/1.1 200 OK
05-25-2019 10:36:07 LoggingManagedHttpClientConnection.java DEBUG [Forwarding newSession on session null to remote] http.headers 116 - http-outgoing-3 << Content-Length:322
05-25-2019 10:36:07 LoggingManagedHttpClientConnection.java DEBUG [Forwarding newSession on session null to remote] http.headers 116 - http-outgoing-3 << Content-Type:application/json; charset=utf-8
05-25-2019 10:36:07 MainClientExec.java DEBUG [Forwarding newSession on session null to remote] execchain.MainClientExec 267 - Connection can be kept alive indefinitely
05-25-2019 10:36:07 PoolingHttpClientConnectionManager.java DEBUG [Forwarding newSession on session null to remote] conn.PoolingHttpClientConnectionManager 281 - Connection [id: 3][route: {}->http://localhost:2665] can be kept alive indefinitely
05-25-2019 10:36:07 PoolingHttpClientConnectionManager.java DEBUG [Forwarding newSession on session null to remote] conn.PoolingHttpClientConnectionManager 287 - Connection released: [id: 3][route: {}->http://localhost:2665][total kept alive: 4; route allocated: 1 of 2000; total allocated: 4 of 2000]
]]></system-out>
    <system-err><![CDATA[Starting ChromeDriver 2.46.628402 (536cd7adbad73a3783fdc2cab92ab2ba7ec361e1) on port 2665
Only local connections are allowed.
Please protect ports used by ChromeDriver and related test frameworks to prevent access by malicious code.
]]></system-err>
  </testcase>
  <testcase name="setup" classname="com.qa.testcases.AddNewPageTest" time="0">
    <skipped/>
  </testcase>
  <testcase name="validateAddNewCustomer" classname="com.qa.testcases.AddNewPageTest" time="0">
    <skipped/>
  </testcase>
  <testcase name="setUp" classname="com.qa.testcases.LoginPageTest" time="6.343">
    <failure message="session not created&#10;from chrome not reachable&#10;  (Session info: chrome=74.0.3729.169)&#10;  (Driver info: chromedriver=2.46.628402 (536cd7adbad73a3783fdc2cab92ab2ba7ec361e1),platform=Windows NT 6.1.7601 SP1 x86_64) (WARNING: The server did not provide any stacktrace information)&#10;Command duration or timeout: 5.17 seconds&#10;Build info: version: &apos;2.45.0&apos;, revision: &apos;5017cb8e7ca8e37638dc3091b2440b90a1d8686f&apos;, time: &apos;2015-02-27 09:10:26&apos;&#10;System info: host: &apos;Priyanka_Acer&apos;, ip: &apos;192.168.43.180&apos;, os.name: &apos;Windows 7&apos;, os.arch: &apos;amd64&apos;, os.version: &apos;6.1&apos;, java.version: &apos;1.8.0_191&apos;&#10;Driver info: org.openqa.selenium.chrome.ChromeDriver" type="org.openqa.selenium.SessionNotCreatedException">org.openqa.selenium.SessionNotCreatedException: 
session not created
from chrome not reachable
  (Session info: chrome=74.0.3729.169)
  (Driver info: chromedriver=2.46.628402 (536cd7adbad73a3783fdc2cab92ab2ba7ec361e1),platform=Windows NT 6.1.7601 SP1 x86_64) (WARNING: The server did not provide any stacktrace information)
Command duration or timeout: 5.17 seconds
Build info: version: '2.45.0', revision: '5017cb8e7ca8e37638dc3091b2440b90a1d8686f', time: '2015-02-27 09:10:26'
System info: host: 'Priyanka_Acer', ip: '192.168.43.180', os.name: 'Windows 7', os.arch: 'amd64', os.version: '6.1', java.version: '1.8.0_191'
Driver info: org.openqa.selenium.chrome.ChromeDriver
	at com.qa.testcases.LoginPageTest.setUp(LoginPageTest.java:24)
</failure>
    <system-out><![CDATA[initing....
drivr launching...
05-25-2019 10:36:09 RequestAddCookies.java DEBUG [Forwarding newSession on session null to remote] protocol.RequestAddCookies 122 - CookieSpec selected: best-match
05-25-2019 10:36:09 RequestAuthCache.java DEBUG [Forwarding newSession on session null to remote] protocol.RequestAuthCache 75 - Auth cache not set in the context
05-25-2019 10:36:09 PoolingHttpClientConnectionManager.java DEBUG [Forwarding newSession on session null to remote] conn.PoolingHttpClientConnectionManager 219 - Connection request: [route: {}->http://localhost:48473][total kept alive: 4; route allocated: 0 of 2000; total allocated: 4 of 2000]
05-25-2019 10:36:09 PoolingHttpClientConnectionManager.java DEBUG [Forwarding newSession on session null to remote] conn.PoolingHttpClientConnectionManager 250 - Connection leased: [id: 4][route: {}->http://localhost:48473][total kept alive: 4; route allocated: 1 of 2000; total allocated: 5 of 2000]
05-25-2019 10:36:09 MainClientExec.java DEBUG [Forwarding newSession on session null to remote] execchain.MainClientExec 217 - Opening connection {}->http://localhost:48473
05-25-2019 10:36:09 HttpClientConnectionOperator.java DEBUG [Forwarding newSession on session null to remote] conn.HttpClientConnectionOperator 122 - Connecting to localhost/127.0.0.1:48473
05-25-2019 10:36:09 HttpClientConnectionOperator.java DEBUG [Forwarding newSession on session null to remote] conn.HttpClientConnectionOperator 129 - Connection established 127.0.0.1:59986<->127.0.0.1:48473
05-25-2019 10:36:09 MainClientExec.java DEBUG [Forwarding newSession on session null to remote] execchain.MainClientExec 238 - Executing request POST /session HTTP/1.1
05-25-2019 10:36:09 MainClientExec.java DEBUG [Forwarding newSession on session null to remote] execchain.MainClientExec 243 - Target auth state: UNCHALLENGED
05-25-2019 10:36:09 MainClientExec.java DEBUG [Forwarding newSession on session null to remote] execchain.MainClientExec 249 - Proxy auth state: UNCHALLENGED
05-25-2019 10:36:09 LoggingManagedHttpClientConnection.java DEBUG [Forwarding newSession on session null to remote] http.headers 124 - http-outgoing-4 >> POST /session HTTP/1.1
05-25-2019 10:36:09 LoggingManagedHttpClientConnection.java DEBUG [Forwarding newSession on session null to remote] http.headers 127 - http-outgoing-4 >> Content-Type: application/json; charset=utf-8
05-25-2019 10:36:09 LoggingManagedHttpClientConnection.java DEBUG [Forwarding newSession on session null to remote] http.headers 127 - http-outgoing-4 >> Content-Length: 122
05-25-2019 10:36:09 LoggingManagedHttpClientConnection.java DEBUG [Forwarding newSession on session null to remote] http.headers 127 - http-outgoing-4 >> Host: localhost:48473
05-25-2019 10:36:09 LoggingManagedHttpClientConnection.java DEBUG [Forwarding newSession on session null to remote] http.headers 127 - http-outgoing-4 >> Connection: Keep-Alive
05-25-2019 10:36:09 LoggingManagedHttpClientConnection.java DEBUG [Forwarding newSession on session null to remote] http.headers 127 - http-outgoing-4 >> User-Agent: Apache-HttpClient/4.3.6 (java 1.5)
05-25-2019 10:36:09 LoggingManagedHttpClientConnection.java DEBUG [Forwarding newSession on session null to remote] http.headers 127 - http-outgoing-4 >> Accept-Encoding: gzip,deflate
05-25-2019 10:36:09 Wire.java DEBUG [Forwarding newSession on session null to remote] http.wire 72 - http-outgoing-4 >> "POST /session HTTP/1.1[\r][\n]"
05-25-2019 10:36:09 Wire.java DEBUG [Forwarding newSession on session null to remote] http.wire 72 - http-outgoing-4 >> "Content-Type: application/json; charset=utf-8[\r][\n]"
05-25-2019 10:36:09 Wire.java DEBUG [Forwarding newSession on session null to remote] http.wire 72 - http-outgoing-4 >> "Content-Length: 122[\r][\n]"
05-25-2019 10:36:09 Wire.java DEBUG [Forwarding newSession on session null to remote] http.wire 72 - http-outgoing-4 >> "Host: localhost:48473[\r][\n]"
05-25-2019 10:36:09 Wire.java DEBUG [Forwarding newSession on session null to remote] http.wire 72 - http-outgoing-4 >> "Connection: Keep-Alive[\r][\n]"
05-25-2019 10:36:09 Wire.java DEBUG [Forwarding newSession on session null to remote] http.wire 72 - http-outgoing-4 >> "User-Agent: Apache-HttpClient/4.3.6 (java 1.5)[\r][\n]"
05-25-2019 10:36:09 Wire.java DEBUG [Forwarding newSession on session null to remote] http.wire 72 - http-outgoing-4 >> "Accept-Encoding: gzip,deflate[\r][\n]"
05-25-2019 10:36:09 Wire.java DEBUG [Forwarding newSession on session null to remote] http.wire 72 - http-outgoing-4 >> "[\r][\n]"
05-25-2019 10:36:09 Wire.java DEBUG [Forwarding newSession on session null to remote] http.wire 86 - http-outgoing-4 >> "{"desiredCapabilities":{"browserName":"chrome","chromeOptions":{"args":[],"extensions":[]},"version":"","platform":"ANY"}}"
05-25-2019 10:36:14 Wire.java DEBUG [Forwarding newSession on session null to remote] http.wire 72 - http-outgoing-4 << "HTTP/1.1 200 OK[\r][\n]"
05-25-2019 10:36:14 Wire.java DEBUG [Forwarding newSession on session null to remote] http.wire 72 - http-outgoing-4 << "Content-Length:295[\r][\n]"
05-25-2019 10:36:14 Wire.java DEBUG [Forwarding newSession on session null to remote] http.wire 72 - http-outgoing-4 << "Content-Type:application/json; charset=utf-8[\r][\n]"
05-25-2019 10:36:14 Wire.java DEBUG [Forwarding newSession on session null to remote] http.wire 72 - http-outgoing-4 << "[\r][\n]"
05-25-2019 10:36:14 Wire.java DEBUG [Forwarding newSession on session null to remote] http.wire 86 - http-outgoing-4 << "{"sessionId":"1db5469303306474bc25546004b70a78","status":33,"value":{"message":"session not created\nfrom chrome not reachable\n  (Session info: chrome=74.0.3729.169)\n  (Driver info: chromedriver=2.46.628402 (536cd7adbad73a3783fdc2cab92ab2ba7ec361e1),platform=Windows NT 6.1.7601 SP1 x86_64)"}}"
05-25-2019 10:36:14 LoggingManagedHttpClientConnection.java DEBUG [Forwarding newSession on session null to remote] http.headers 113 - http-outgoing-4 << HTTP/1.1 200 OK
05-25-2019 10:36:14 LoggingManagedHttpClientConnection.java DEBUG [Forwarding newSession on session null to remote] http.headers 116 - http-outgoing-4 << Content-Length:295
05-25-2019 10:36:14 LoggingManagedHttpClientConnection.java DEBUG [Forwarding newSession on session null to remote] http.headers 116 - http-outgoing-4 << Content-Type:application/json; charset=utf-8
05-25-2019 10:36:14 MainClientExec.java DEBUG [Forwarding newSession on session null to remote] execchain.MainClientExec 267 - Connection can be kept alive indefinitely
05-25-2019 10:36:14 PoolingHttpClientConnectionManager.java DEBUG [Forwarding newSession on session null to remote] conn.PoolingHttpClientConnectionManager 281 - Connection [id: 4][route: {}->http://localhost:48473] can be kept alive indefinitely
05-25-2019 10:36:14 PoolingHttpClientConnectionManager.java DEBUG [Forwarding newSession on session null to remote] conn.PoolingHttpClientConnectionManager 287 - Connection released: [id: 4][route: {}->http://localhost:48473][total kept alive: 5; route allocated: 1 of 2000; total allocated: 5 of 2000]
]]></system-out>
    <system-err><![CDATA[Starting ChromeDriver 2.46.628402 (536cd7adbad73a3783fdc2cab92ab2ba7ec361e1) on port 48473
Only local connections are allowed.
Please protect ports used by ChromeDriver and related test frameworks to prevent access by malicious code.
]]></system-err>
  </testcase>
  <testcase name="setUp" classname="com.qa.testcases.LoginPageTest" time="0">
    <skipped/>
  </testcase>
  <testcase name="setUp" classname="com.qa.testcases.LoginPageTest" time="0">
    <skipped/>
  </testcase>
  <testcase name="setUp" classname="com.qa.testcases.LoginPageTest" time="0">
    <skipped/>
  </testcase>
  <testcase name="setUp" classname="com.qa.testcases.LoginPageTest" time="0">
    <skipped/>
  </testcase>
  <testcase name="setUp" classname="com.qa.testcases.LoginPageTest" time="0">
    <skipped/>
  </testcase>
  <testcase name="setUp" classname="com.qa.testcases.LoginPageTest" time="0">
    <skipped/>
  </testcase>
  <testcase name="setUp" classname="com.qa.testcases.LoginPageTest" time="0">
    <skipped/>
  </testcase>
  <testcase name="setUp" classname="com.qa.testcases.LoginPageTest" time="0">
    <skipped/>
  </testcase>
  <testcase name="setUp" classname="com.qa.testcases.LoginPageTest" time="0">
    <skipped/>
  </testcase>
  <testcase name="setUp" classname="com.qa.testcases.LoginPageTest" time="0">
    <skipped/>
  </testcase>
  <testcase name="setUp" classname="com.qa.testcases.LoginPageTest" time="0">
    <skipped/>
  </testcase>
  <testcase name="setUp" classname="com.qa.testcases.LoginPageTest" time="0">
    <skipped/>
  </testcase>
  <testcase name="setUp" classname="com.qa.testcases.LoginPageTest" time="0">
    <skipped/>
  </testcase>
  <testcase name="setUp" classname="com.qa.testcases.LoginPageTest" time="0">
    <skipped/>
  </testcase>
  <testcase name="setUp" classname="com.qa.testcases.LoginPageTest" time="0">
    <skipped/>
  </testcase>
  <testcase name="setUp" classname="com.qa.testcases.LoginPageTest" time="0">
    <skipped/>
  </testcase>
  <testcase name="setUp" classname="com.qa.testcases.LoginPageTest" time="0">
    <skipped/>
  </testcase>
  <testcase name="setUp" classname="com.qa.testcases.LoginPageTest" time="0">
    <skipped/>
  </testcase>
  <testcase name="setUp" classname="com.qa.testcases.LoginPageTest" time="0">
    <skipped/>
  </testcase>
  <testcase name="setUp" classname="com.qa.testcases.LoginPageTest" time="0">
    <skipped/>
  </testcase>
  <testcase name="setUp" classname="com.qa.testcases.LoginPageTest" time="0">
    <skipped/>
  </testcase>
  <testcase name="setUp" classname="com.qa.testcases.LoginPageTest" time="0">
    <skipped/>
  </testcase>
  <testcase name="setUp" classname="com.qa.testcases.LoginPageTest" time="0">
    <skipped/>
  </testcase>
  <testcase name="setUp" classname="com.qa.testcases.LoginPageTest" time="0">
    <skipped/>
  </testcase>
  <testcase name="setUp" classname="com.qa.testcases.LoginPageTest" time="0">
    <skipped/>
  </testcase>
  <testcase name="setUp" classname="com.qa.testcases.LoginPageTest" time="0">
    <skipped/>
  </testcase>
  <testcase name="setUp" classname="com.qa.testcases.LoginPageTest" time="0">
    <skipped/>
  </testcase>
  <testcase name="setUp" classname="com.qa.testcases.LoginPageTest" time="0">
    <skipped/>
  </testcase>
  <testcase name="setUp" classname="com.qa.testcases.LoginPageTest" time="0">
    <skipped/>
  </testcase>
  <testcase name="validateTitle" classname="com.qa.testcases.LoginPageTest" time="0">
    <skipped/>
  </testcase>
  <testcase name="tearDown" classname="com.qa.testcases.LoginPageTest" time="0">
    <skipped/>
  </testcase>
  <testcase name="tearDown" classname="com.qa.testcases.LoginPageTest" time="0">
    <skipped/>
  </testcase>
  <testcase name="tearDown" classname="com.qa.testcases.LoginPageTest" time="0">
    <skipped/>
  </testcase>
  <testcase name="tearDown" classname="com.qa.testcases.LoginPageTest" time="0">
    <skipped/>
  </testcase>
  <testcase name="tearDown" classname="com.qa.testcases.LoginPageTest" time="0">
    <skipped/>
  </testcase>
  <testcase name="tearDown" classname="com.qa.testcases.LoginPageTest" time="0">
    <skipped/>
  </testcase>
  <testcase name="tearDown" classname="com.qa.testcases.LoginPageTest" time="0">
    <skipped/>
  </testcase>
  <testcase name="tearDown" classname="com.qa.testcases.LoginPageTest" time="0">
    <skipped/>
  </testcase>
  <testcase name="tearDown" classname="com.qa.testcases.LoginPageTest" time="0">
    <skipped/>
  </testcase>
  <testcase name="tearDown" classname="com.qa.testcases.LoginPageTest" time="0">
    <skipped/>
  </testcase>
  <testcase name="tearDown" classname="com.qa.testcases.LoginPageTest" time="0">
    <skipped/>
  </testcase>
  <testcase name="tearDown" classname="com.qa.testcases.LoginPageTest" time="0">
    <skipped/>
  </testcase>
  <testcase name="tearDown" classname="com.qa.testcases.LoginPageTest" time="0">
    <skipped/>
  </testcase>
  <testcase name="tearDown" classname="com.qa.testcases.LoginPageTest" time="0">
    <skipped/>
  </testcase>
  <testcase name="tearDown" classname="com.qa.testcases.LoginPageTest" time="0">
    <skipped/>
  </testcase>
  <testcase name="tearDown" classname="com.qa.testcases.LoginPageTest" time="0">
    <skipped/>
  </testcase>
  <testcase name="tearDown" classname="com.qa.testcases.LoginPageTest" time="0">
    <skipped/>
  </testcase>
  <testcase name="tearDown" classname="com.qa.testcases.LoginPageTest" time="0">
    <skipped/>
  </testcase>
  <testcase name="tearDown" classname="com.qa.testcases.LoginPageTest" time="0">
    <skipped/>
  </testcase>
  <testcase name="tearDown" classname="com.qa.testcases.LoginPageTest" time="0">
    <skipped/>
  </testcase>
  <testcase name="tearDown" classname="com.qa.testcases.LoginPageTest" time="0">
    <skipped/>
  </testcase>
  <testcase name="tearDown" classname="com.qa.testcases.LoginPageTest" time="0">
    <skipped/>
  </testcase>
  <testcase name="tearDown" classname="com.qa.testcases.LoginPageTest" time="0">
    <skipped/>
  </testcase>
  <testcase name="tearDown" classname="com.qa.testcases.LoginPageTest" time="0">
    <skipped/>
  </testcase>
  <testcase name="tearDown" classname="com.qa.testcases.LoginPageTest" time="0">
    <skipped/>
  </testcase>
  <testcase name="tearDown" classname="com.qa.testcases.LoginPageTest" time="0">
    <skipped/>
  </testcase>
  <testcase name="tearDown" classname="com.qa.testcases.LoginPageTest" time="0">
    <skipped/>
  </testcase>
  <testcase name="tearDown" classname="com.qa.testcases.LoginPageTest" time="0">
    <skipped/>
  </testcase>
  <testcase name="tearDown" classname="com.qa.testcases.LoginPageTest" time="0">
    <skipped/>
  </testcase>
  <testcase name="tearDown" classname="com.qa.testcases.LoginPageTest" time="0">
    <skipped/>
  </testcase>
  <testcase name="setup" classname="com.qa.testcases.MerchandsPageTest" time="9.209">
    <failure message="session not created&#10;from chrome not reachable&#10;  (Session info: chrome=74.0.3729.169)&#10;  (Driver info: chromedriver=2.46.628402 (536cd7adbad73a3783fdc2cab92ab2ba7ec361e1),platform=Windows NT 6.1.7601 SP1 x86_64) (WARNING: The server did not provide any stacktrace information)&#10;Command duration or timeout: 8.03 seconds&#10;Build info: version: &apos;2.45.0&apos;, revision: &apos;5017cb8e7ca8e37638dc3091b2440b90a1d8686f&apos;, time: &apos;2015-02-27 09:10:26&apos;&#10;System info: host: &apos;Priyanka_Acer&apos;, ip: &apos;192.168.43.180&apos;, os.name: &apos;Windows 7&apos;, os.arch: &apos;amd64&apos;, os.version: &apos;6.1&apos;, java.version: &apos;1.8.0_191&apos;&#10;Driver info: org.openqa.selenium.chrome.ChromeDriver" type="org.openqa.selenium.SessionNotCreatedException">org.openqa.selenium.SessionNotCreatedException: 
session not created
from chrome not reachable
  (Session info: chrome=74.0.3729.169)
  (Driver info: chromedriver=2.46.628402 (536cd7adbad73a3783fdc2cab92ab2ba7ec361e1),platform=Windows NT 6.1.7601 SP1 x86_64) (WARNING: The server did not provide any stacktrace information)
Command duration or timeout: 8.03 seconds
Build info: version: '2.45.0', revision: '5017cb8e7ca8e37638dc3091b2440b90a1d8686f', time: '2015-02-27 09:10:26'
System info: host: 'Priyanka_Acer', ip: '192.168.43.180', os.name: 'Windows 7', os.arch: 'amd64', os.version: '6.1', java.version: '1.8.0_191'
Driver info: org.openqa.selenium.chrome.ChromeDriver
	at com.qa.testcases.MerchandsPageTest.setup(MerchandsPageTest.java:30)
</failure>
    <system-out><![CDATA[initing....
drivr launching...
05-25-2019 10:36:16 RequestAddCookies.java DEBUG [Forwarding newSession on session null to remote] protocol.RequestAddCookies 122 - CookieSpec selected: best-match
05-25-2019 10:36:16 RequestAuthCache.java DEBUG [Forwarding newSession on session null to remote] protocol.RequestAuthCache 75 - Auth cache not set in the context
05-25-2019 10:36:16 PoolingHttpClientConnectionManager.java DEBUG [Forwarding newSession on session null to remote] conn.PoolingHttpClientConnectionManager 219 - Connection request: [route: {}->http://localhost:8983][total kept alive: 5; route allocated: 0 of 2000; total allocated: 5 of 2000]
05-25-2019 10:36:16 PoolingHttpClientConnectionManager.java DEBUG [Forwarding newSession on session null to remote] conn.PoolingHttpClientConnectionManager 250 - Connection leased: [id: 5][route: {}->http://localhost:8983][total kept alive: 5; route allocated: 1 of 2000; total allocated: 6 of 2000]
05-25-2019 10:36:16 MainClientExec.java DEBUG [Forwarding newSession on session null to remote] execchain.MainClientExec 217 - Opening connection {}->http://localhost:8983
05-25-2019 10:36:16 HttpClientConnectionOperator.java DEBUG [Forwarding newSession on session null to remote] conn.HttpClientConnectionOperator 122 - Connecting to localhost/127.0.0.1:8983
05-25-2019 10:36:16 HttpClientConnectionOperator.java DEBUG [Forwarding newSession on session null to remote] conn.HttpClientConnectionOperator 129 - Connection established 127.0.0.1:60011<->127.0.0.1:8983
05-25-2019 10:36:16 MainClientExec.java DEBUG [Forwarding newSession on session null to remote] execchain.MainClientExec 238 - Executing request POST /session HTTP/1.1
05-25-2019 10:36:16 MainClientExec.java DEBUG [Forwarding newSession on session null to remote] execchain.MainClientExec 243 - Target auth state: UNCHALLENGED
05-25-2019 10:36:16 MainClientExec.java DEBUG [Forwarding newSession on session null to remote] execchain.MainClientExec 249 - Proxy auth state: UNCHALLENGED
05-25-2019 10:36:16 LoggingManagedHttpClientConnection.java DEBUG [Forwarding newSession on session null to remote] http.headers 124 - http-outgoing-5 >> POST /session HTTP/1.1
05-25-2019 10:36:16 LoggingManagedHttpClientConnection.java DEBUG [Forwarding newSession on session null to remote] http.headers 127 - http-outgoing-5 >> Content-Type: application/json; charset=utf-8
05-25-2019 10:36:16 LoggingManagedHttpClientConnection.java DEBUG [Forwarding newSession on session null to remote] http.headers 127 - http-outgoing-5 >> Content-Length: 122
05-25-2019 10:36:16 LoggingManagedHttpClientConnection.java DEBUG [Forwarding newSession on session null to remote] http.headers 127 - http-outgoing-5 >> Host: localhost:8983
05-25-2019 10:36:16 LoggingManagedHttpClientConnection.java DEBUG [Forwarding newSession on session null to remote] http.headers 127 - http-outgoing-5 >> Connection: Keep-Alive
05-25-2019 10:36:16 LoggingManagedHttpClientConnection.java DEBUG [Forwarding newSession on session null to remote] http.headers 127 - http-outgoing-5 >> User-Agent: Apache-HttpClient/4.3.6 (java 1.5)
05-25-2019 10:36:16 LoggingManagedHttpClientConnection.java DEBUG [Forwarding newSession on session null to remote] http.headers 127 - http-outgoing-5 >> Accept-Encoding: gzip,deflate
05-25-2019 10:36:16 Wire.java DEBUG [Forwarding newSession on session null to remote] http.wire 72 - http-outgoing-5 >> "POST /session HTTP/1.1[\r][\n]"
05-25-2019 10:36:16 Wire.java DEBUG [Forwarding newSession on session null to remote] http.wire 72 - http-outgoing-5 >> "Content-Type: application/json; charset=utf-8[\r][\n]"
05-25-2019 10:36:16 Wire.java DEBUG [Forwarding newSession on session null to remote] http.wire 72 - http-outgoing-5 >> "Content-Length: 122[\r][\n]"
05-25-2019 10:36:16 Wire.java DEBUG [Forwarding newSession on session null to remote] http.wire 72 - http-outgoing-5 >> "Host: localhost:8983[\r][\n]"
05-25-2019 10:36:16 Wire.java DEBUG [Forwarding newSession on session null to remote] http.wire 72 - http-outgoing-5 >> "Connection: Keep-Alive[\r][\n]"
05-25-2019 10:36:16 Wire.java DEBUG [Forwarding newSession on session null to remote] http.wire 72 - http-outgoing-5 >> "User-Agent: Apache-HttpClient/4.3.6 (java 1.5)[\r][\n]"
05-25-2019 10:36:16 Wire.java DEBUG [Forwarding newSession on session null to remote] http.wire 72 - http-outgoing-5 >> "Accept-Encoding: gzip,deflate[\r][\n]"
05-25-2019 10:36:16 Wire.java DEBUG [Forwarding newSession on session null to remote] http.wire 72 - http-outgoing-5 >> "[\r][\n]"
05-25-2019 10:36:16 Wire.java DEBUG [Forwarding newSession on session null to remote] http.wire 86 - http-outgoing-5 >> "{"desiredCapabilities":{"browserName":"chrome","chromeOptions":{"args":[],"extensions":[]},"version":"","platform":"ANY"}}"
05-25-2019 10:36:23 Wire.java DEBUG [Forwarding newSession on session null to remote] http.wire 72 - http-outgoing-5 << "HTTP/1.1 200 OK[\r][\n]"
05-25-2019 10:36:23 Wire.java DEBUG [Forwarding newSession on session null to remote] http.wire 72 - http-outgoing-5 << "Content-Length:295[\r][\n]"
05-25-2019 10:36:23 Wire.java DEBUG [Forwarding newSession on session null to remote] http.wire 72 - http-outgoing-5 << "Content-Type:application/json; charset=utf-8[\r][\n]"
05-25-2019 10:36:23 Wire.java DEBUG [Forwarding newSession on session null to remote] http.wire 72 - http-outgoing-5 << "[\r][\n]"
05-25-2019 10:36:23 Wire.java DEBUG [Forwarding newSession on session null to remote] http.wire 86 - http-outgoing-5 << "{"sessionId":"01a0b8898609edfb93cb0d1d275c54e1","status":33,"value":{"message":"session not created\nfrom chrome not reachable\n  (Session info: chrome=74.0.3729.169)\n  (Driver info: chromedriver=2.46.628402 (536cd7adbad73a3783fdc2cab92ab2ba7ec361e1),platform=Windows NT 6.1.7601 SP1 x86_64)"}}"
05-25-2019 10:36:23 LoggingManagedHttpClientConnection.java DEBUG [Forwarding newSession on session null to remote] http.headers 113 - http-outgoing-5 << HTTP/1.1 200 OK
05-25-2019 10:36:23 LoggingManagedHttpClientConnection.java DEBUG [Forwarding newSession on session null to remote] http.headers 116 - http-outgoing-5 << Content-Length:295
05-25-2019 10:36:23 LoggingManagedHttpClientConnection.java DEBUG [Forwarding newSession on session null to remote] http.headers 116 - http-outgoing-5 << Content-Type:application/json; charset=utf-8
05-25-2019 10:36:23 MainClientExec.java DEBUG [Forwarding newSession on session null to remote] execchain.MainClientExec 267 - Connection can be kept alive indefinitely
05-25-2019 10:36:23 PoolingHttpClientConnectionManager.java DEBUG [Forwarding newSession on session null to remote] conn.PoolingHttpClientConnectionManager 281 - Connection [id: 5][route: {}->http://localhost:8983] can be kept alive indefinitely
05-25-2019 10:36:23 PoolingHttpClientConnectionManager.java DEBUG [Forwarding newSession on session null to remote] conn.PoolingHttpClientConnectionManager 287 - Connection released: [id: 5][route: {}->http://localhost:8983][total kept alive: 6; route allocated: 1 of 2000; total allocated: 6 of 2000]
]]></system-out>
    <system-err><![CDATA[Starting ChromeDriver 2.46.628402 (536cd7adbad73a3783fdc2cab92ab2ba7ec361e1) on port 8983
Only local connections are allowed.
Please protect ports used by ChromeDriver and related test frameworks to prevent access by malicious code.
[1558760779.241][WARNING]: Timed out connecting to Chrome, retrying...
]]></system-err>
  </testcase>
  <testcase name="setup" classname="com.qa.testcases.MerchandsPageTest" time="0">
    <skipped/>
  </testcase>
  <testcase name="setup" classname="com.qa.testcases.MerchandsPageTest" time="0">
    <skipped/>
  </testcase>
  <testcase name="setup" classname="com.qa.testcases.MerchandsPageTest" time="0">
    <skipped/>
  </testcase>
  <testcase name="setup" classname="com.qa.testcases.MerchandsPageTest" time="0">
    <skipped/>
  </testcase>
  <testcase name="setup" classname="com.qa.testcases.MerchandsPageTest" time="0">
    <skipped/>
  </testcase>
  <testcase name="setup" classname="com.qa.testcases.MerchandsPageTest" time="0">
    <skipped/>
  </testcase>
  <testcase name="validateTitleOfMerchandsPage" classname="com.qa.testcases.MerchandsPageTest" time="0">
    <skipped/>
  </testcase>
  <testcase name="tearDown" classname="com.qa.testcases.MerchandsPageTest" time="0">
    <skipped/>
  </testcase>
  <testcase name="tearDown" classname="com.qa.testcases.MerchandsPageTest" time="0">
    <skipped/>
  </testcase>
  <testcase name="tearDown" classname="com.qa.testcases.MerchandsPageTest" time="0">
    <skipped/>
  </testcase>
  <testcase name="tearDown" classname="com.qa.testcases.MerchandsPageTest" time="0">
    <skipped/>
  </testcase>
  <testcase name="tearDown" classname="com.qa.testcases.MerchandsPageTest" time="0">
    <skipped/>
  </testcase>
  <testcase name="tearDown" classname="com.qa.testcases.MerchandsPageTest" time="0">
    <skipped/>
  </testcase>
  <testcase name="tearDown" classname="com.qa.testcases.MerchandsPageTest" time="0">
    <skipped/>
  </testcase>
  <testcase name="setup" classname="com.qa.testcases.OrderPageTest" time="17.438">
    <failure message="chrome not reachable&#10;  (Session info: chrome=74.0.3729.169)&#10;  (Driver info: chromedriver=2.46.628402 (536cd7adbad73a3783fdc2cab92ab2ba7ec361e1),platform=Windows NT 6.1.7601 SP1 x86_64) (WARNING: The server did not provide any stacktrace information)&#10;Command duration or timeout: 6.04 seconds&#10;Build info: version: &apos;2.45.0&apos;, revision: &apos;5017cb8e7ca8e37638dc3091b2440b90a1d8686f&apos;, time: &apos;2015-02-27 09:10:26&apos;&#10;System info: host: &apos;Priyanka_Acer&apos;, ip: &apos;192.168.43.180&apos;, os.name: &apos;Windows 7&apos;, os.arch: &apos;amd64&apos;, os.version: &apos;6.1&apos;, java.version: &apos;1.8.0_191&apos;&#10;Driver info: org.openqa.selenium.chrome.ChromeDriver&#10;Capabilities [{mobileEmulationEnabled=false, timeouts={implicit=0, pageLoad=300000, script=30000}, hasTouchScreen=false, platform=XP, acceptSslCerts=false, goog:chromeOptions={debuggerAddress=localhost:60039}, acceptInsecureCerts=false, webStorageEnabled=true, browserName=chrome, takesScreenshot=true, javascriptEnabled=true, setWindowRect=true, unexpectedAlertBehaviour=ignore, applicationCacheEnabled=false, rotatable=false, networkConnectionEnabled=false, chrome={chromedriverVersion=2.46.628402 (536cd7adbad73a3783fdc2cab92ab2ba7ec361e1), userDataDir=C:\Users\Priyanka\AppData\Local\Temp\scoped_dir7916_16360}, takesHeapSnapshot=true, pageLoadStrategy=normal, strictFileInteractability=false, databaseEnabled=false, handlesAlerts=true, version=74.0.3729.169, browserConnectionEnabled=false, proxy={}, nativeEvents=true, locationContextEnabled=true, cssSelectorsEnabled=true}]&#10;Session ID: 73cd2c6448c7814a757332eb80e05b02" type="org.openqa.selenium.WebDriverException">org.openqa.selenium.WebDriverException: 
chrome not reachable
  (Session info: chrome=74.0.3729.169)
  (Driver info: chromedriver=2.46.628402 (536cd7adbad73a3783fdc2cab92ab2ba7ec361e1),platform=Windows NT 6.1.7601 SP1 x86_64) (WARNING: The server did not provide any stacktrace information)
Command duration or timeout: 6.04 seconds
Build info: version: '2.45.0', revision: '5017cb8e7ca8e37638dc3091b2440b90a1d8686f', time: '2015-02-27 09:10:26'
System info: host: 'Priyanka_Acer', ip: '192.168.43.180', os.name: 'Windows 7', os.arch: 'amd64', os.version: '6.1', java.version: '1.8.0_191'
Driver info: org.openqa.selenium.chrome.ChromeDriver
Capabilities [{mobileEmulationEnabled=false, timeouts={implicit=0, pageLoad=300000, script=30000}, hasTouchScreen=false, platform=XP, acceptSslCerts=false, goog:chromeOptions={debuggerAddress=localhost:60039}, acceptInsecureCerts=false, webStorageEnabled=true, browserName=chrome, takesScreenshot=true, javascriptEnabled=true, setWindowRect=true, unexpectedAlertBehaviour=ignore, applicationCacheEnabled=false, rotatable=false, networkConnectionEnabled=false, chrome={chromedriverVersion=2.46.628402 (536cd7adbad73a3783fdc2cab92ab2ba7ec361e1), userDataDir=C:\Users\Priyanka\AppData\Local\Temp\scoped_dir7916_16360}, takesHeapSnapshot=true, pageLoadStrategy=normal, strictFileInteractability=false, databaseEnabled=false, handlesAlerts=true, version=74.0.3729.169, browserConnectionEnabled=false, proxy={}, nativeEvents=true, locationContextEnabled=true, cssSelectorsEnabled=true}]
Session ID: 73cd2c6448c7814a757332eb80e05b02
	at com.qa.testcases.OrderPageTest.setup(OrderPageTest.java:27)
</failure>
    <system-out><![CDATA[initing....
drivr launching...
05-25-2019 10:36:25 RequestAddCookies.java DEBUG [Forwarding newSession on session null to remote] protocol.RequestAddCookies 122 - CookieSpec selected: best-match
05-25-2019 10:36:25 RequestAuthCache.java DEBUG [Forwarding newSession on session null to remote] protocol.RequestAuthCache 75 - Auth cache not set in the context
05-25-2019 10:36:25 PoolingHttpClientConnectionManager.java DEBUG [Forwarding newSession on session null to remote] conn.PoolingHttpClientConnectionManager 219 - Connection request: [route: {}->http://localhost:9765][total kept alive: 6; route allocated: 0 of 2000; total allocated: 6 of 2000]
05-25-2019 10:36:25 PoolingHttpClientConnectionManager.java DEBUG [Forwarding newSession on session null to remote] conn.PoolingHttpClientConnectionManager 250 - Connection leased: [id: 6][route: {}->http://localhost:9765][total kept alive: 6; route allocated: 1 of 2000; total allocated: 7 of 2000]
05-25-2019 10:36:25 MainClientExec.java DEBUG [Forwarding newSession on session null to remote] execchain.MainClientExec 217 - Opening connection {}->http://localhost:9765
05-25-2019 10:36:25 HttpClientConnectionOperator.java DEBUG [Forwarding newSession on session null to remote] conn.HttpClientConnectionOperator 122 - Connecting to localhost/127.0.0.1:9765
05-25-2019 10:36:25 HttpClientConnectionOperator.java DEBUG [Forwarding newSession on session null to remote] conn.HttpClientConnectionOperator 129 - Connection established 127.0.0.1:60038<->127.0.0.1:9765
05-25-2019 10:36:25 MainClientExec.java DEBUG [Forwarding newSession on session null to remote] execchain.MainClientExec 238 - Executing request POST /session HTTP/1.1
05-25-2019 10:36:25 MainClientExec.java DEBUG [Forwarding newSession on session null to remote] execchain.MainClientExec 243 - Target auth state: UNCHALLENGED
05-25-2019 10:36:25 MainClientExec.java DEBUG [Forwarding newSession on session null to remote] execchain.MainClientExec 249 - Proxy auth state: UNCHALLENGED
05-25-2019 10:36:25 LoggingManagedHttpClientConnection.java DEBUG [Forwarding newSession on session null to remote] http.headers 124 - http-outgoing-6 >> POST /session HTTP/1.1
05-25-2019 10:36:25 LoggingManagedHttpClientConnection.java DEBUG [Forwarding newSession on session null to remote] http.headers 127 - http-outgoing-6 >> Content-Type: application/json; charset=utf-8
05-25-2019 10:36:25 LoggingManagedHttpClientConnection.java DEBUG [Forwarding newSession on session null to remote] http.headers 127 - http-outgoing-6 >> Content-Length: 122
05-25-2019 10:36:25 LoggingManagedHttpClientConnection.java DEBUG [Forwarding newSession on session null to remote] http.headers 127 - http-outgoing-6 >> Host: localhost:9765
05-25-2019 10:36:25 LoggingManagedHttpClientConnection.java DEBUG [Forwarding newSession on session null to remote] http.headers 127 - http-outgoing-6 >> Connection: Keep-Alive
05-25-2019 10:36:25 LoggingManagedHttpClientConnection.java DEBUG [Forwarding newSession on session null to remote] http.headers 127 - http-outgoing-6 >> User-Agent: Apache-HttpClient/4.3.6 (java 1.5)
05-25-2019 10:36:25 LoggingManagedHttpClientConnection.java DEBUG [Forwarding newSession on session null to remote] http.headers 127 - http-outgoing-6 >> Accept-Encoding: gzip,deflate
05-25-2019 10:36:25 Wire.java DEBUG [Forwarding newSession on session null to remote] http.wire 72 - http-outgoing-6 >> "POST /session HTTP/1.1[\r][\n]"
05-25-2019 10:36:25 Wire.java DEBUG [Forwarding newSession on session null to remote] http.wire 72 - http-outgoing-6 >> "Content-Type: application/json; charset=utf-8[\r][\n]"
05-25-2019 10:36:25 Wire.java DEBUG [Forwarding newSession on session null to remote] http.wire 72 - http-outgoing-6 >> "Content-Length: 122[\r][\n]"
05-25-2019 10:36:25 Wire.java DEBUG [Forwarding newSession on session null to remote] http.wire 72 - http-outgoing-6 >> "Host: localhost:9765[\r][\n]"
05-25-2019 10:36:25 Wire.java DEBUG [Forwarding newSession on session null to remote] http.wire 72 - http-outgoing-6 >> "Connection: Keep-Alive[\r][\n]"
05-25-2019 10:36:25 Wire.java DEBUG [Forwarding newSession on session null to remote] http.wire 72 - http-outgoing-6 >> "User-Agent: Apache-HttpClient/4.3.6 (java 1.5)[\r][\n]"
05-25-2019 10:36:25 Wire.java DEBUG [Forwarding newSession on session null to remote] http.wire 72 - http-outgoing-6 >> "Accept-Encoding: gzip,deflate[\r][\n]"
05-25-2019 10:36:25 Wire.java DEBUG [Forwarding newSession on session null to remote] http.wire 72 - http-outgoing-6 >> "[\r][\n]"
05-25-2019 10:36:25 Wire.java DEBUG [Forwarding newSession on session null to remote] http.wire 86 - http-outgoing-6 >> "{"desiredCapabilities":{"browserName":"chrome","chromeOptions":{"args":[],"extensions":[]},"version":"","platform":"ANY"}}"
05-25-2019 10:36:27 Wire.java DEBUG [Forwarding newSession on session null to remote] http.wire 72 - http-outgoing-6 << "HTTP/1.1 200 OK[\r][\n]"
05-25-2019 10:36:27 Wire.java DEBUG [Forwarding newSession on session null to remote] http.wire 72 - http-outgoing-6 << "Content-Length:1001[\r][\n]"
05-25-2019 10:36:27 Wire.java DEBUG [Forwarding newSession on session null to remote] http.wire 72 - http-outgoing-6 << "Content-Type:application/json; charset=utf-8[\r][\n]"
05-25-2019 10:36:27 Wire.java DEBUG [Forwarding newSession on session null to remote] http.wire 72 - http-outgoing-6 << "[\r][\n]"
05-25-2019 10:36:27 Wire.java DEBUG [Forwarding newSession on session null to remote] http.wire 86 - http-outgoing-6 << "{"sessionId":"73cd2c6448c7814a757332eb80e05b02","status":0,"value":{"acceptInsecureCerts":false,"acceptSslCerts":false,"applicationCacheEnabled":false,"browserConnectionEnabled":false,"browserName":"chrome","chrome":{"chromedriverVersion":"2.46.628402 (536cd7adbad73a3783fdc2cab92ab2ba7ec361e1)","userDataDir":"C:\\Users\\Priyanka\\AppData\\Local\\Temp\\scoped_dir7916_16360"},"cssSelectorsEnabled":true,"databaseEnabled":false,"goog:chromeOptions":{"debuggerAddress":"localhost:60039"},"handlesAlerts":true,"hasTouchScreen":false,"javascriptEnabled":true,"locationContextEnabled":true,"mobileEmulationEnabled":false,"nativeEvents":true,"networkConnectionEnabled":false,"pageLoadStrategy":"normal","platform":"Windows NT","proxy":{},"rotatable":false,"setWindowRect":true,"strictFileInteractability":false,"takesHeapSnapshot":true,"takesScreenshot":true,"timeouts":{"implicit":0,"pageLoad":300000,"script":30000},"unexpectedAlertBehaviour":"ignore","version":"74.0.3729.169","webStorageEnabled":true}}"
05-25-2019 10:36:27 LoggingManagedHttpClientConnection.java DEBUG [Forwarding newSession on session null to remote] http.headers 113 - http-outgoing-6 << HTTP/1.1 200 OK
05-25-2019 10:36:27 LoggingManagedHttpClientConnection.java DEBUG [Forwarding newSession on session null to remote] http.headers 116 - http-outgoing-6 << Content-Length:1001
05-25-2019 10:36:27 LoggingManagedHttpClientConnection.java DEBUG [Forwarding newSession on session null to remote] http.headers 116 - http-outgoing-6 << Content-Type:application/json; charset=utf-8
05-25-2019 10:36:27 MainClientExec.java DEBUG [Forwarding newSession on session null to remote] execchain.MainClientExec 267 - Connection can be kept alive indefinitely
05-25-2019 10:36:27 PoolingHttpClientConnectionManager.java DEBUG [Forwarding newSession on session null to remote] conn.PoolingHttpClientConnectionManager 281 - Connection [id: 6][route: {}->http://localhost:9765] can be kept alive indefinitely
05-25-2019 10:36:27 PoolingHttpClientConnectionManager.java DEBUG [Forwarding newSession on session null to remote] conn.PoolingHttpClientConnectionManager 287 - Connection released: [id: 6][route: {}->http://localhost:9765][total kept alive: 7; route allocated: 1 of 2000; total allocated: 7 of 2000]
05-25-2019 10:36:27 RequestAddCookies.java DEBUG [Forwarding maximizeWindow on session 73cd2c6448c7814a757332eb80e05b02 to remote] protocol.RequestAddCookies 122 - CookieSpec selected: best-match
05-25-2019 10:36:27 RequestAuthCache.java DEBUG [Forwarding maximizeWindow on session 73cd2c6448c7814a757332eb80e05b02 to remote] protocol.RequestAuthCache 75 - Auth cache not set in the context
05-25-2019 10:36:27 PoolingHttpClientConnectionManager.java DEBUG [Forwarding maximizeWindow on session 73cd2c6448c7814a757332eb80e05b02 to remote] conn.PoolingHttpClientConnectionManager 219 - Connection request: [route: {}->http://localhost:9765][total kept alive: 7; route allocated: 1 of 2000; total allocated: 7 of 2000]
05-25-2019 10:36:27 PoolingHttpClientConnectionManager.java DEBUG [Forwarding maximizeWindow on session 73cd2c6448c7814a757332eb80e05b02 to remote] conn.PoolingHttpClientConnectionManager 250 - Connection leased: [id: 6][route: {}->http://localhost:9765][total kept alive: 6; route allocated: 1 of 2000; total allocated: 7 of 2000]
05-25-2019 10:36:27 MainClientExec.java DEBUG [Forwarding maximizeWindow on session 73cd2c6448c7814a757332eb80e05b02 to remote] execchain.MainClientExec 190 - Stale connection check
05-25-2019 10:36:27 Wire.java DEBUG [Forwarding maximizeWindow on session 73cd2c6448c7814a757332eb80e05b02 to remote] http.wire 86 - http-outgoing-6 << "[read] I/O error: Read timed out"
05-25-2019 10:36:27 MainClientExec.java DEBUG [Forwarding maximizeWindow on session 73cd2c6448c7814a757332eb80e05b02 to remote] execchain.MainClientExec 238 - Executing request POST /session/73cd2c6448c7814a757332eb80e05b02/window/current/maximize HTTP/1.1
05-25-2019 10:36:27 MainClientExec.java DEBUG [Forwarding maximizeWindow on session 73cd2c6448c7814a757332eb80e05b02 to remote] execchain.MainClientExec 243 - Target auth state: UNCHALLENGED
05-25-2019 10:36:27 MainClientExec.java DEBUG [Forwarding maximizeWindow on session 73cd2c6448c7814a757332eb80e05b02 to remote] execchain.MainClientExec 249 - Proxy auth state: UNCHALLENGED
05-25-2019 10:36:27 LoggingManagedHttpClientConnection.java DEBUG [Forwarding maximizeWindow on session 73cd2c6448c7814a757332eb80e05b02 to remote] http.headers 124 - http-outgoing-6 >> POST /session/73cd2c6448c7814a757332eb80e05b02/window/current/maximize HTTP/1.1
05-25-2019 10:36:27 LoggingManagedHttpClientConnection.java DEBUG [Forwarding maximizeWindow on session 73cd2c6448c7814a757332eb80e05b02 to remote] http.headers 127 - http-outgoing-6 >> Content-Type: application/json; charset=utf-8
05-25-2019 10:36:27 LoggingManagedHttpClientConnection.java DEBUG [Forwarding maximizeWindow on session 73cd2c6448c7814a757332eb80e05b02 to remote] http.headers 127 - http-outgoing-6 >> Content-Length: 26
05-25-2019 10:36:27 LoggingManagedHttpClientConnection.java DEBUG [Forwarding maximizeWindow on session 73cd2c6448c7814a757332eb80e05b02 to remote] http.headers 127 - http-outgoing-6 >> Host: localhost:9765
05-25-2019 10:36:27 LoggingManagedHttpClientConnection.java DEBUG [Forwarding maximizeWindow on session 73cd2c6448c7814a757332eb80e05b02 to remote] http.headers 127 - http-outgoing-6 >> Connection: Keep-Alive
05-25-2019 10:36:27 LoggingManagedHttpClientConnection.java DEBUG [Forwarding maximizeWindow on session 73cd2c6448c7814a757332eb80e05b02 to remote] http.headers 127 - http-outgoing-6 >> User-Agent: Apache-HttpClient/4.3.6 (java 1.5)
05-25-2019 10:36:27 LoggingManagedHttpClientConnection.java DEBUG [Forwarding maximizeWindow on session 73cd2c6448c7814a757332eb80e05b02 to remote] http.headers 127 - http-outgoing-6 >> Accept-Encoding: gzip,deflate
05-25-2019 10:36:27 Wire.java DEBUG [Forwarding maximizeWindow on session 73cd2c6448c7814a757332eb80e05b02 to remote] http.wire 72 - http-outgoing-6 >> "POST /session/73cd2c6448c7814a757332eb80e05b02/window/current/maximize HTTP/1.1[\r][\n]"
05-25-2019 10:36:27 Wire.java DEBUG [Forwarding maximizeWindow on session 73cd2c6448c7814a757332eb80e05b02 to remote] http.wire 72 - http-outgoing-6 >> "Content-Type: application/json; charset=utf-8[\r][\n]"
05-25-2019 10:36:27 Wire.java DEBUG [Forwarding maximizeWindow on session 73cd2c6448c7814a757332eb80e05b02 to remote] http.wire 72 - http-outgoing-6 >> "Content-Length: 26[\r][\n]"
05-25-2019 10:36:27 Wire.java DEBUG [Forwarding maximizeWindow on session 73cd2c6448c7814a757332eb80e05b02 to remote] http.wire 72 - http-outgoing-6 >> "Host: localhost:9765[\r][\n]"
05-25-2019 10:36:27 Wire.java DEBUG [Forwarding maximizeWindow on session 73cd2c6448c7814a757332eb80e05b02 to remote] http.wire 72 - http-outgoing-6 >> "Connection: Keep-Alive[\r][\n]"
05-25-2019 10:36:27 Wire.java DEBUG [Forwarding maximizeWindow on session 73cd2c6448c7814a757332eb80e05b02 to remote] http.wire 72 - http-outgoing-6 >> "User-Agent: Apache-HttpClient/4.3.6 (java 1.5)[\r][\n]"
05-25-2019 10:36:27 Wire.java DEBUG [Forwarding maximizeWindow on session 73cd2c6448c7814a757332eb80e05b02 to remote] http.wire 72 - http-outgoing-6 >> "Accept-Encoding: gzip,deflate[\r][\n]"
05-25-2019 10:36:27 Wire.java DEBUG [Forwarding maximizeWindow on session 73cd2c6448c7814a757332eb80e05b02 to remote] http.wire 72 - http-outgoing-6 >> "[\r][\n]"
05-25-2019 10:36:27 Wire.java DEBUG [Forwarding maximizeWindow on session 73cd2c6448c7814a757332eb80e05b02 to remote] http.wire 86 - http-outgoing-6 >> "{"windowHandle":"current"}"
05-25-2019 10:36:35 Wire.java DEBUG [Forwarding maximizeWindow on session 73cd2c6448c7814a757332eb80e05b02 to remote] http.wire 72 - http-outgoing-6 << "HTTP/1.1 200 OK[\r][\n]"
05-25-2019 10:36:35 Wire.java DEBUG [Forwarding maximizeWindow on session 73cd2c6448c7814a757332eb80e05b02 to remote] http.wire 72 - http-outgoing-6 << "Content-Length:72[\r][\n]"
05-25-2019 10:36:35 Wire.java DEBUG [Forwarding maximizeWindow on session 73cd2c6448c7814a757332eb80e05b02 to remote] http.wire 72 - http-outgoing-6 << "Content-Type:application/json; charset=utf-8[\r][\n]"
05-25-2019 10:36:35 Wire.java DEBUG [Forwarding maximizeWindow on session 73cd2c6448c7814a757332eb80e05b02 to remote] http.wire 72 - http-outgoing-6 << "[\r][\n]"
05-25-2019 10:36:35 Wire.java DEBUG [Forwarding maximizeWindow on session 73cd2c6448c7814a757332eb80e05b02 to remote] http.wire 86 - http-outgoing-6 << "{"sessionId":"73cd2c6448c7814a757332eb80e05b02","status":0,"value":null}"
05-25-2019 10:36:35 LoggingManagedHttpClientConnection.java DEBUG [Forwarding maximizeWindow on session 73cd2c6448c7814a757332eb80e05b02 to remote] http.headers 113 - http-outgoing-6 << HTTP/1.1 200 OK
05-25-2019 10:36:35 LoggingManagedHttpClientConnection.java DEBUG [Forwarding maximizeWindow on session 73cd2c6448c7814a757332eb80e05b02 to remote] http.headers 116 - http-outgoing-6 << Content-Length:72
05-25-2019 10:36:35 LoggingManagedHttpClientConnection.java DEBUG [Forwarding maximizeWindow on session 73cd2c6448c7814a757332eb80e05b02 to remote] http.headers 116 - http-outgoing-6 << Content-Type:application/json; charset=utf-8
05-25-2019 10:36:35 MainClientExec.java DEBUG [Forwarding maximizeWindow on session 73cd2c6448c7814a757332eb80e05b02 to remote] execchain.MainClientExec 267 - Connection can be kept alive indefinitely
05-25-2019 10:36:35 PoolingHttpClientConnectionManager.java DEBUG [Forwarding maximizeWindow on session 73cd2c6448c7814a757332eb80e05b02 to remote] conn.PoolingHttpClientConnectionManager 281 - Connection [id: 6][route: {}->http://localhost:9765] can be kept alive indefinitely
05-25-2019 10:36:35 PoolingHttpClientConnectionManager.java DEBUG [Forwarding maximizeWindow on session 73cd2c6448c7814a757332eb80e05b02 to remote] conn.PoolingHttpClientConnectionManager 287 - Connection released: [id: 6][route: {}->http://localhost:9765][total kept alive: 7; route allocated: 1 of 2000; total allocated: 7 of 2000]
05-25-2019 10:36:35 RequestAddCookies.java DEBUG [Forwarding deleteAllCookies on session 73cd2c6448c7814a757332eb80e05b02 to remote] protocol.RequestAddCookies 122 - CookieSpec selected: best-match
05-25-2019 10:36:35 RequestAuthCache.java DEBUG [Forwarding deleteAllCookies on session 73cd2c6448c7814a757332eb80e05b02 to remote] protocol.RequestAuthCache 75 - Auth cache not set in the context
05-25-2019 10:36:35 PoolingHttpClientConnectionManager.java DEBUG [Forwarding deleteAllCookies on session 73cd2c6448c7814a757332eb80e05b02 to remote] conn.PoolingHttpClientConnectionManager 219 - Connection request: [route: {}->http://localhost:9765][total kept alive: 7; route allocated: 1 of 2000; total allocated: 7 of 2000]
05-25-2019 10:36:35 PoolingHttpClientConnectionManager.java DEBUG [Forwarding deleteAllCookies on session 73cd2c6448c7814a757332eb80e05b02 to remote] conn.PoolingHttpClientConnectionManager 250 - Connection leased: [id: 6][route: {}->http://localhost:9765][total kept alive: 6; route allocated: 1 of 2000; total allocated: 7 of 2000]
05-25-2019 10:36:35 MainClientExec.java DEBUG [Forwarding deleteAllCookies on session 73cd2c6448c7814a757332eb80e05b02 to remote] execchain.MainClientExec 190 - Stale connection check
05-25-2019 10:36:35 Wire.java DEBUG [Forwarding deleteAllCookies on session 73cd2c6448c7814a757332eb80e05b02 to remote] http.wire 86 - http-outgoing-6 << "[read] I/O error: Read timed out"
05-25-2019 10:36:35 MainClientExec.java DEBUG [Forwarding deleteAllCookies on session 73cd2c6448c7814a757332eb80e05b02 to remote] execchain.MainClientExec 238 - Executing request DELETE /session/73cd2c6448c7814a757332eb80e05b02/cookie HTTP/1.1
05-25-2019 10:36:35 MainClientExec.java DEBUG [Forwarding deleteAllCookies on session 73cd2c6448c7814a757332eb80e05b02 to remote] execchain.MainClientExec 243 - Target auth state: UNCHALLENGED
05-25-2019 10:36:35 MainClientExec.java DEBUG [Forwarding deleteAllCookies on session 73cd2c6448c7814a757332eb80e05b02 to remote] execchain.MainClientExec 249 - Proxy auth state: UNCHALLENGED
05-25-2019 10:36:35 LoggingManagedHttpClientConnection.java DEBUG [Forwarding deleteAllCookies on session 73cd2c6448c7814a757332eb80e05b02 to remote] http.headers 124 - http-outgoing-6 >> DELETE /session/73cd2c6448c7814a757332eb80e05b02/cookie HTTP/1.1
05-25-2019 10:36:35 LoggingManagedHttpClientConnection.java DEBUG [Forwarding deleteAllCookies on session 73cd2c6448c7814a757332eb80e05b02 to remote] http.headers 127 - http-outgoing-6 >> Host: localhost:9765
05-25-2019 10:36:35 LoggingManagedHttpClientConnection.java DEBUG [Forwarding deleteAllCookies on session 73cd2c6448c7814a757332eb80e05b02 to remote] http.headers 127 - http-outgoing-6 >> Connection: Keep-Alive
05-25-2019 10:36:35 LoggingManagedHttpClientConnection.java DEBUG [Forwarding deleteAllCookies on session 73cd2c6448c7814a757332eb80e05b02 to remote] http.headers 127 - http-outgoing-6 >> User-Agent: Apache-HttpClient/4.3.6 (java 1.5)
05-25-2019 10:36:35 LoggingManagedHttpClientConnection.java DEBUG [Forwarding deleteAllCookies on session 73cd2c6448c7814a757332eb80e05b02 to remote] http.headers 127 - http-outgoing-6 >> Accept-Encoding: gzip,deflate
05-25-2019 10:36:35 Wire.java DEBUG [Forwarding deleteAllCookies on session 73cd2c6448c7814a757332eb80e05b02 to remote] http.wire 72 - http-outgoing-6 >> "DELETE /session/73cd2c6448c7814a757332eb80e05b02/cookie HTTP/1.1[\r][\n]"
05-25-2019 10:36:35 Wire.java DEBUG [Forwarding deleteAllCookies on session 73cd2c6448c7814a757332eb80e05b02 to remote] http.wire 72 - http-outgoing-6 >> "Host: localhost:9765[\r][\n]"
05-25-2019 10:36:35 Wire.java DEBUG [Forwarding deleteAllCookies on session 73cd2c6448c7814a757332eb80e05b02 to remote] http.wire 72 - http-outgoing-6 >> "Connection: Keep-Alive[\r][\n]"
05-25-2019 10:36:35 Wire.java DEBUG [Forwarding deleteAllCookies on session 73cd2c6448c7814a757332eb80e05b02 to remote] http.wire 72 - http-outgoing-6 >> "User-Agent: Apache-HttpClient/4.3.6 (java 1.5)[\r][\n]"
05-25-2019 10:36:35 Wire.java DEBUG [Forwarding deleteAllCookies on session 73cd2c6448c7814a757332eb80e05b02 to remote] http.wire 72 - http-outgoing-6 >> "Accept-Encoding: gzip,deflate[\r][\n]"
05-25-2019 10:36:35 Wire.java DEBUG [Forwarding deleteAllCookies on session 73cd2c6448c7814a757332eb80e05b02 to remote] http.wire 72 - http-outgoing-6 >> "[\r][\n]"
05-25-2019 10:36:41 Wire.java DEBUG [Forwarding deleteAllCookies on session 73cd2c6448c7814a757332eb80e05b02 to remote] http.wire 72 - http-outgoing-6 << "HTTP/1.1 200 OK[\r][\n]"
05-25-2019 10:36:41 Wire.java DEBUG [Forwarding deleteAllCookies on session 73cd2c6448c7814a757332eb80e05b02 to remote] http.wire 72 - http-outgoing-6 << "Content-Length:270[\r][\n]"
05-25-2019 10:36:41 Wire.java DEBUG [Forwarding deleteAllCookies on session 73cd2c6448c7814a757332eb80e05b02 to remote] http.wire 72 - http-outgoing-6 << "Content-Type:application/json; charset=utf-8[\r][\n]"
05-25-2019 10:36:41 Wire.java DEBUG [Forwarding deleteAllCookies on session 73cd2c6448c7814a757332eb80e05b02 to remote] http.wire 72 - http-outgoing-6 << "[\r][\n]"
05-25-2019 10:36:41 Wire.java DEBUG [Forwarding deleteAllCookies on session 73cd2c6448c7814a757332eb80e05b02 to remote] http.wire 86 - http-outgoing-6 << "{"sessionId":"73cd2c6448c7814a757332eb80e05b02","status":100,"value":{"message":"chrome not reachable\n  (Session info: chrome=74.0.3729.169)\n  (Driver info: chromedriver=2.46.628402 (536cd7adbad73a3783fdc2cab92ab2ba7ec361e1),platform=Windows NT 6.1.7601 SP1 x86_64)"}}"
05-25-2019 10:36:41 LoggingManagedHttpClientConnection.java DEBUG [Forwarding deleteAllCookies on session 73cd2c6448c7814a757332eb80e05b02 to remote] http.headers 113 - http-outgoing-6 << HTTP/1.1 200 OK
05-25-2019 10:36:41 LoggingManagedHttpClientConnection.java DEBUG [Forwarding deleteAllCookies on session 73cd2c6448c7814a757332eb80e05b02 to remote] http.headers 116 - http-outgoing-6 << Content-Length:270
05-25-2019 10:36:41 LoggingManagedHttpClientConnection.java DEBUG [Forwarding deleteAllCookies on session 73cd2c6448c7814a757332eb80e05b02 to remote] http.headers 116 - http-outgoing-6 << Content-Type:application/json; charset=utf-8
05-25-2019 10:36:41 MainClientExec.java DEBUG [Forwarding deleteAllCookies on session 73cd2c6448c7814a757332eb80e05b02 to remote] execchain.MainClientExec 267 - Connection can be kept alive indefinitely
05-25-2019 10:36:41 PoolingHttpClientConnectionManager.java DEBUG [Forwarding deleteAllCookies on session 73cd2c6448c7814a757332eb80e05b02 to remote] conn.PoolingHttpClientConnectionManager 281 - Connection [id: 6][route: {}->http://localhost:9765] can be kept alive indefinitely
05-25-2019 10:36:41 PoolingHttpClientConnectionManager.java DEBUG [Forwarding deleteAllCookies on session 73cd2c6448c7814a757332eb80e05b02 to remote] conn.PoolingHttpClientConnectionManager 287 - Connection released: [id: 6][route: {}->http://localhost:9765][total kept alive: 7; route allocated: 1 of 2000; total allocated: 7 of 2000]
]]></system-out>
    <system-err><![CDATA[Starting ChromeDriver 2.46.628402 (536cd7adbad73a3783fdc2cab92ab2ba7ec361e1) on port 9765
Only local connections are allowed.
Please protect ports used by ChromeDriver and related test frameworks to prevent access by malicious code.
[1558760789.651][WARNING]: Timed out connecting to Chrome, retrying...
[1558760797.682][WARNING]: Timed out connecting to Chrome, retrying...
]]></system-err>
  </testcase>
  <testcase name="setup" classname="com.qa.testcases.OrderPageTest" time="0">
    <skipped/>
  </testcase>
  <testcase name="setup" classname="com.qa.testcases.OrderPageTest" time="0">
    <skipped/>
  </testcase>
  <testcase name="setup" classname="com.qa.testcases.OrderPageTest" time="0">
    <skipped/>
  </testcase>
  <testcase name="setup" classname="com.qa.testcases.OrderPageTest" time="0">
    <skipped/>
  </testcase>
  <testcase name="setup" classname="com.qa.testcases.OrderPageTest" time="0">
    <skipped/>
  </testcase>
  <testcase name="setup" classname="com.qa.testcases.OrderPageTest" time="0">
    <skipped/>
  </testcase>
  <testcase name="setup" classname="com.qa.testcases.OrderPageTest" time="0">
    <skipped/>
  </testcase>
  <testcase name="validatesearchForOrder" classname="com.qa.testcases.OrderPageTest" time="0">
    <skipped/>
  </testcase>
  <testcase name="tearDown" classname="com.qa.testcases.OrderPageTest" time="0">
    <skipped/>
  </testcase>
  <testcase name="tearDown" classname="com.qa.testcases.OrderPageTest" time="0">
    <skipped/>
  </testcase>
  <testcase name="tearDown" classname="com.qa.testcases.OrderPageTest" time="0">
    <skipped/>
  </testcase>
  <testcase name="tearDown" classname="com.qa.testcases.OrderPageTest" time="0">
    <skipped/>
  </testcase>
  <testcase name="tearDown" classname="com.qa.testcases.OrderPageTest" time="0">
    <skipped/>
  </testcase>
  <testcase name="tearDown" classname="com.qa.testcases.OrderPageTest" time="0">
    <skipped/>
  </testcase>
  <testcase name="tearDown" classname="com.qa.testcases.OrderPageTest" time="0">
    <skipped/>
  </testcase>
  <testcase name="tearDown" classname="com.qa.testcases.OrderPageTest" time="0">
    <skipped/>
  </testcase>
  <testcase name="validateShopCartText" classname="com.qa.testcases.DashBoardPageTest" time="0">
    <skipped/>
  </testcase>
  <testcase name="validateSwithchToWindow" classname="com.qa.testcases.AddNewPageTest" time="0">
    <skipped/>
  </testcase>
  <testcase name="validatePrestaLogo" classname="com.qa.testcases.LoginPageTest" time="0">
    <skipped/>
  </testcase>
  <testcase name="validateHelpMenu" classname="com.qa.testcases.MerchandsPageTest" time="0">
    <skipped/>
  </testcase>
  <testcase name="validateOrderPageTitle" classname="com.qa.testcases.OrderPageTest" time="0">
    <skipped/>
  </testcase>
  <testcase name="validateCustomerLogoLink" classname="com.qa.testcases.DashBoardPageTest" time="0">
    <skipped/>
  </testcase>
  <testcase name="validatePrestaLogoText" classname="com.qa.testcases.LoginPageTest" time="0">
    <skipped/>
  </testcase>
  <testcase name="validateEnableYes" classname="com.qa.testcases.MerchandsPageTest" time="0">
    <skipped/>
  </testcase>
  <testcase name="validateHelpMenu" classname="com.qa.testcases.OrderPageTest" time="0">
    <skipped/>
  </testcase>
  <testcase name="validateShopCartLogoLink" classname="com.qa.testcases.DashBoardPageTest" time="0">
    <skipped/>
  </testcase>
  <testcase name="validateCurrentUrl" classname="com.qa.testcases.LoginPageTest" time="0">
    <skipped/>
  </testcase>
  <testcase name="validateEnableNo" classname="com.qa.testcases.MerchandsPageTest" time="0">
    <skipped/>
  </testcase>
  <testcase name="validateAbanbonedCartslink" classname="com.qa.testcases.OrderPageTest" time="0">
    <skipped/>
  </testcase>
  <testcase name="validateShowOrderLink" classname="com.qa.testcases.DashBoardPageTest" time="0">
    <skipped/>
  </testcase>
  <testcase name="validateTextBelowLogo" classname="com.qa.testcases.LoginPageTest" time="0">
    <skipped/>
  </testcase>
  <testcase name="validateReturnsPrefix" classname="com.qa.testcases.MerchandsPageTest" time="0">
    <skipped/>
  </testcase>
  <testcase name="validateExportlink" classname="com.qa.testcases.OrderPageTest" time="0">
    <skipped/>
  </testcase>
  <testcase name="validateShowAllCustomerLink" classname="com.qa.testcases.DashBoardPageTest" time="0">
    <skipped/>
  </testcase>
  <testcase name="validateEmailLable" classname="com.qa.testcases.LoginPageTest" time="0">
    <skipped/>
  </testcase>
  <testcase name="validateTimeLimitOfValidity" classname="com.qa.testcases.MerchandsPageTest" time="0">
    <skipped/>
  </testcase>
  <testcase name="validatecheckRefreshlink" classname="com.qa.testcases.OrderPageTest" time="0">
    <skipped/>
  </testcase>
  <testcase name="validateShowAllMessages" classname="com.qa.testcases.DashBoardPageTest" time="0">
    <skipped/>
  </testcase>
  <testcase name="validateEmailPlaceholder" classname="com.qa.testcases.LoginPageTest" time="0">
    <skipped/>
  </testcase>
  <testcase name="validateSavebtn" classname="com.qa.testcases.MerchandsPageTest" time="0">
    <skipped/>
  </testcase>
  <testcase name="validatecheckshowSqlQuerylink" classname="com.qa.testcases.OrderPageTest" time="0">
    <skipped/>
  </testcase>
  <testcase name="validateMessageBoxLogo" classname="com.qa.testcases.DashBoardPageTest" time="0">
    <skipped/>
  </testcase>
  <testcase name="validatePasswordPlaceholder" classname="com.qa.testcases.LoginPageTest" time="0">
    <skipped/>
  </testcase>
  <testcase name="validateExportToSqlManagerlink" classname="com.qa.testcases.OrderPageTest" time="0">
    <skipped/>
  </testcase>
  <testcase name="validateQuickAccessBtnColor" classname="com.qa.testcases.DashBoardPageTest" time="0">
    <skipped/>
  </testcase>
  <testcase name="validateBlankEmailPassword" classname="com.qa.testcases.LoginPageTest" time="0">
    <skipped/>
  </testcase>
  <testcase name="validateClickOnQuickAccess" classname="com.qa.testcases.DashBoardPageTest" time="0">
    <skipped/>
  </testcase>
  <testcase name="validateBlankEmailAndValidPassword" classname="com.qa.testcases.LoginPageTest" time="0">
    <skipped/>
  </testcase>
  <testcase name="validateQuickAccess1Option" classname="com.qa.testcases.DashBoardPageTest" time="0">
    <skipped/>
  </testcase>
  <testcase name="validateCorrectEmailAndBlankPassword" classname="com.qa.testcases.LoginPageTest" time="0">
    <skipped/>
  </testcase>
  <testcase name="validateQuickAccess2Option" classname="com.qa.testcases.DashBoardPageTest" time="0">
    <skipped/>
  </testcase>
  <testcase name="validateCorrectEmailAndInvalidPassword" classname="com.qa.testcases.LoginPageTest" time="0">
    <skipped/>
  </testcase>
  <testcase name="validateQuickAccess3Option" classname="com.qa.testcases.DashBoardPageTest" time="0">
    <skipped/>
  </testcase>
  <testcase name="validateInvalidEmailAndValidPassword" classname="com.qa.testcases.LoginPageTest" time="0">
    <skipped/>
  </testcase>
  <testcase name="validateaddCurrentPageToQuickAccess" classname="com.qa.testcases.DashBoardPageTest" time="0">
    <skipped/>
  </testcase>
  <testcase name="validateInvalidEmailAndInvalidPassword" classname="com.qa.testcases.LoginPageTest" time="0">
    <skipped/>
  </testcase>
  <testcase name="validateConnectToPrestashopMarketPlaceAccountcolor" classname="com.qa.testcases.DashBoardPageTest" time="0">
    <skipped/>
  </testcase>
  <testcase name="validEmailAndPassword" classname="com.qa.testcases.LoginPageTest" time="0">
    <skipped/>
  </testcase>
  <testcase name="validateconnectToPrestashopMarketPlaceAccount" classname="com.qa.testcases.DashBoardPageTest" time="0">
    <skipped/>
  </testcase>
  <testcase name="validateColorOfLoginBtn" classname="com.qa.testcases.LoginPageTest" time="0">
    <skipped/>
  </testcase>
  <testcase name="validateMyShopLink" classname="com.qa.testcases.DashBoardPageTest" time="0">
    <skipped/>
  </testcase>
  <testcase name="validateForgotPasswordLink" classname="com.qa.testcases.LoginPageTest" time="0">
    <skipped/>
  </testcase>
  <testcase name="ValidateclickOnSystemAdministrator" classname="com.qa.testcases.DashBoardPageTest" time="0">
    <skipped/>
  </testcase>
  <testcase name="validateIscheckBoXSelectedNot" classname="com.qa.testcases.LoginPageTest" time="0">
    <skipped/>
  </testcase>
  <testcase name="ValidateclickOnSignOutBtn" classname="com.qa.testcases.DashBoardPageTest" time="0">
    <skipped/>
  </testcase>
  <testcase name="validateIscheckBoXSelected" classname="com.qa.testcases.LoginPageTest" time="0">
    <skipped/>
  </testcase>
  <testcase name="ValidateIsDemoModeBtnEnabled" classname="com.qa.testcases.DashBoardPageTest" time="0">
    <skipped/>
  </testcase>
  <testcase name="validateStayLoginText" classname="com.qa.testcases.LoginPageTest" time="0">
    <skipped/>
  </testcase>
  <testcase name="ValidateClickOnHelpMenuBtn" classname="com.qa.testcases.DashBoardPageTest" time="0">
    <skipped/>
  </testcase>
  <testcase name="validateRighReserveLink" classname="com.qa.testcases.LoginPageTest" time="0">
    <skipped/>
  </testcase>
  <testcase name="ValidateColorOfSearchBox" classname="com.qa.testcases.DashBoardPageTest" time="0">
    <skipped/>
  </testcase>
  <testcase name="validateTwitterLogo" classname="com.qa.testcases.LoginPageTest" time="0">
    <skipped/>
  </testcase>
  <testcase name="ValidateSearchBoxBtn" classname="com.qa.testcases.DashBoardPageTest" time="0">
    <skipped/>
  </testcase>
  <testcase name="validateFacebookLogo" classname="com.qa.testcases.LoginPageTest" time="0">
    <skipped/>
  </testcase>
  <testcase name="ValidatecountAllLinksOfCurrentPage" classname="com.qa.testcases.DashBoardPageTest" time="0">
    <skipped/>
  </testcase>
  <testcase name="validateGithubLogo" classname="com.qa.testcases.LoginPageTest" time="0">
    <skipped/>
  </testcase>
  <testcase name="ValidateOrderslink" classname="com.qa.testcases.DashBoardPageTest" time="0">
    <skipped/>
  </testcase>
  <testcase name="validateGoogleLogo" classname="com.qa.testcases.LoginPageTest" time="0">
    <skipped/>
  </testcase>
  <testcase name="ValidateCatalogLink" classname="com.qa.testcases.DashBoardPageTest" time="0">
    <skipped/>
  </testcase>
  <testcase name="validateColorOfTwitterLogo" classname="com.qa.testcases.LoginPageTest" time="0">
    <skipped/>
  </testcase>
  <testcase name="ValiodateClickOnCustomers" classname="com.qa.testcases.DashBoardPageTest" time="0">
    <skipped/>
  </testcase>
  <testcase name="validateColorOfFacebookLogo" classname="com.qa.testcases.LoginPageTest" time="0">
    <skipped/>
  </testcase>
  <testcase name="ValidateClickOnPriceRules" classname="com.qa.testcases.DashBoardPageTest" time="0">
    <skipped/>
  </testcase>
  <testcase name="validateColorOfGoogleLogo" classname="com.qa.testcases.LoginPageTest" time="0">
    <skipped/>
  </testcase>
  <testcase name="ValidateclickOnModulesAndServices" classname="com.qa.testcases.DashBoardPageTest" time="0">
    <skipped/>
  </testcase>
  <testcase name="validateColorOfGitHubLogo" classname="com.qa.testcases.LoginPageTest" time="0">
    <skipped/>
  </testcase>
  <testcase name="ValidateclickOnShipping" classname="com.qa.testcases.DashBoardPageTest" time="0">
    <skipped/>
  </testcase>
  <testcase name="validateRightsReserveLinkIsDisplayed" classname="com.qa.testcases.LoginPageTest" time="0">
    <skipped/>
  </testcase>
  <testcase name="ValidateclickOnLocalization" classname="com.qa.testcases.DashBoardPageTest" time="0">
    <skipped/>
  </testcase>
  <testcase name="ValidateclickOnPreferences" classname="com.qa.testcases.DashBoardPageTest" time="0">
    <skipped/>
  </testcase>
  <testcase name="ValidateclickOnAdvancedParameters" classname="com.qa.testcases.DashBoardPageTest" time="0">
    <skipped/>
  </testcase>
  <testcase name="ValidateclickOnAdministration" classname="com.qa.testcases.DashBoardPageTest" time="0">
    <skipped/>
  </testcase>
  <testcase name="ValidateclickOnStates" classname="com.qa.testcases.DashBoardPageTest" time="0">
    <skipped/>
  </testcase>
  <testcase name="ValidateClickOnMaximizeDashboard" classname="com.qa.testcases.DashBoardPageTest" time="0">
    <skipped/>
  </testcase>
  <testcase name="ValidateclickOnContactBtn" classname="com.qa.testcases.DashBoardPageTest" time="0">
    <skipped/>
  </testcase>
  <testcase name="ValidateMerchandslink" classname="com.qa.testcases.DashBoardPageTest" time="0">
    <skipped/>
  </testcase>
</testsuite>